2024-06-23 22:06:624 INFO  HomePage :33 - Clicking on login link : [[ChromeDriver: chrome on windows (1f185c36b4be2122708848a0a159f4ea)] -> link text: Log in]
2024-06-23 22:06:673 INFO  LoginPage :39 - Getting text from : [[ChromeDriver: chrome on windows (1f185c36b4be2122708848a0a159f4ea)] -> xpath: //h1[contains(text(),'Welcome, Please Sign In!')]]
2024-06-23 23:06:333 INFO  HomePage :41 - Clicking on login link : [[ChromeDriver: chrome on windows (2839caa96d85c72499c63a7b3426132b)] -> link text: Log in]
2024-06-23 23:06:373 INFO  LoginPage :39 - Getting text from : [[ChromeDriver: chrome on windows (2839caa96d85c72499c63a7b3426132b)] -> xpath: //h1[contains(text(),'Welcome, Please Sign In!')]]
2024-06-23 23:06:383 INFO  HomePage :41 - Clicking on login link : [[ChromeDriver: chrome on windows (35688933ea43ed22840bf312a6106873)] -> link text: Log in]
2024-06-23 23:06:529 INFO  LoginPage :45 - Enter email : [[ChromeDriver: chrome on windows (35688933ea43ed22840bf312a6106873)] -> id: Email]
2024-06-23 23:06:630 INFO  LoginPage :50 - Enter password : [[ChromeDriver: chrome on windows (35688933ea43ed22840bf312a6106873)] -> name: Password]
2024-06-23 23:06:993 INFO  LoginPage :55 - Click on login button : [[ChromeDriver: chrome on windows (35688933ea43ed22840bf312a6106873)] -> xpath: //button[contains(text(),'Log in')]]
2024-06-23 23:06:74 INFO  LoginPage :59 - Getting error message : [[ChromeDriver: chrome on windows (35688933ea43ed22840bf312a6106873)] -> xpath: //div[@class='message-error validation-summary-errors']]
2024-06-23 23:06:131 INFO  HomePage :41 - Clicking on login link : [[ChromeDriver: chrome on windows (6857754aa7d55018741832c9b1c3b665)] -> link text: Log in]
2024-06-23 23:06:269 INFO  LoginPage :45 - Enter email : [[ChromeDriver: chrome on windows (6857754aa7d55018741832c9b1c3b665)] -> id: Email]
2024-06-23 23:06:374 INFO  LoginPage :50 - Enter password : [[ChromeDriver: chrome on windows (6857754aa7d55018741832c9b1c3b665)] -> name: Password]
2024-06-23 23:06:766 INFO  LoginPage :55 - Click on login button : [[ChromeDriver: chrome on windows (6857754aa7d55018741832c9b1c3b665)] -> xpath: //button[contains(text(),'Log in')]]
2024-06-23 23:06:600 INFO  HomePage :41 - Clicking on login link : [[ChromeDriver: chrome on windows (d6cd03eb60b2b03a769a46d577366779)] -> link text: Log in]
2024-06-23 23:06:744 INFO  LoginPage :45 - Enter email : [[ChromeDriver: chrome on windows (d6cd03eb60b2b03a769a46d577366779)] -> id: Email]
2024-06-23 23:06:833 INFO  LoginPage :50 - Enter password : [[ChromeDriver: chrome on windows (d6cd03eb60b2b03a769a46d577366779)] -> name: Password]
2024-06-23 23:06:137 INFO  LoginPage :55 - Click on login button : [[ChromeDriver: chrome on windows (d6cd03eb60b2b03a769a46d577366779)] -> xpath: //button[contains(text(),'Log in')]]
2024-06-23 23:06:217 INFO  LoginPage :59 - Getting error message : [[ChromeDriver: chrome on windows (d6cd03eb60b2b03a769a46d577366779)] -> xpath: //div[@class='message-error validation-summary-errors']]
2024-06-23 23:06:549 INFO  HomePage :41 - Clicking on login link : [[ChromeDriver: chrome on windows (6fa47b011b587638832cd0897bc8c184)] -> link text: Log in]
2024-06-23 23:06:672 INFO  LoginPage :45 - Enter email : [[ChromeDriver: chrome on windows (6fa47b011b587638832cd0897bc8c184)] -> id: Email]
2024-06-23 23:06:739 INFO  LoginPage :50 - Enter password : [[ChromeDriver: chrome on windows (6fa47b011b587638832cd0897bc8c184)] -> name: Password]
2024-06-23 23:06:18 INFO  LoginPage :55 - Click on login button : [[ChromeDriver: chrome on windows (6fa47b011b587638832cd0897bc8c184)] -> xpath: //button[contains(text(),'Log in')]]
2024-06-23 23:06:88 INFO  LoginPage :59 - Getting error message : [[ChromeDriver: chrome on windows (6fa47b011b587638832cd0897bc8c184)] -> xpath: //div[@class='message-error validation-summary-errors']]
2024-06-23 23:06:813 INFO  HomePage :41 - Clicking on login link : [[ChromeDriver: chrome on windows (2f3b7b681e5b7b48f9a7d1deae1f9aba)] -> link text: Log in]
2024-06-23 23:06:943 INFO  LoginPage :45 - Enter email : [[ChromeDriver: chrome on windows (2f3b7b681e5b7b48f9a7d1deae1f9aba)] -> id: Email]
2024-06-23 23:06:28 INFO  LoginPage :50 - Enter password : [[ChromeDriver: chrome on windows (2f3b7b681e5b7b48f9a7d1deae1f9aba)] -> name: Password]
2024-06-23 23:06:316 INFO  LoginPage :55 - Click on login button : [[ChromeDriver: chrome on windows (2f3b7b681e5b7b48f9a7d1deae1f9aba)] -> xpath: //button[contains(text(),'Log in')]]
2024-06-23 23:06:390 INFO  LoginPage :59 - Getting error message : [[ChromeDriver: chrome on windows (2f3b7b681e5b7b48f9a7d1deae1f9aba)] -> xpath: //div[@class='message-error validation-summary-errors']]
2024-06-23 23:06:639 INFO  HomePage :41 - Clicking on login link : [[ChromeDriver: chrome on windows (b3d7f7f7df6f7ec2c631d947ce3aad0c)] -> link text: Log in]
2024-06-23 23:06:766 INFO  LoginPage :45 - Enter email : [[ChromeDriver: chrome on windows (b3d7f7f7df6f7ec2c631d947ce3aad0c)] -> id: Email]
2024-06-23 23:06:847 INFO  LoginPage :50 - Enter password : [[ChromeDriver: chrome on windows (b3d7f7f7df6f7ec2c631d947ce3aad0c)] -> name: Password]
2024-06-23 23:06:127 INFO  LoginPage :55 - Click on login button : [[ChromeDriver: chrome on windows (b3d7f7f7df6f7ec2c631d947ce3aad0c)] -> xpath: //button[contains(text(),'Log in')]]
2024-06-23 23:06:212 INFO  LoginPage :59 - Getting error message : [[ChromeDriver: chrome on windows (b3d7f7f7df6f7ec2c631d947ce3aad0c)] -> xpath: //div[@class='message-error validation-summary-errors']]
2024-06-23 23:06:802 INFO  HomePage :41 - Clicking on login link : [[ChromeDriver: chrome on windows (e047d6cce57be00ef4e92b19761ae9c1)] -> link text: Log in]
2024-06-23 23:06:927 INFO  LoginPage :45 - Enter email : [[ChromeDriver: chrome on windows (e047d6cce57be00ef4e92b19761ae9c1)] -> id: Email]
2024-06-23 23:06:995 INFO  LoginPage :50 - Enter password : [[ChromeDriver: chrome on windows (e047d6cce57be00ef4e92b19761ae9c1)] -> name: Password]
2024-06-23 23:06:268 INFO  LoginPage :55 - Click on login button : [[ChromeDriver: chrome on windows (e047d6cce57be00ef4e92b19761ae9c1)] -> xpath: //button[contains(text(),'Log in')]]
2024-06-23 23:06:350 INFO  LoginPage :59 - Getting error message : [[ChromeDriver: chrome on windows (e047d6cce57be00ef4e92b19761ae9c1)] -> xpath: //div[@class='message-error validation-summary-errors']]
2024-06-23 23:06:370 INFO  HomePage :41 - Clicking on login link : [[ChromeDriver: chrome on windows (e705010ae9ee478de17da6414a046fea)] -> link text: Log in]
2024-06-23 23:06:497 INFO  LoginPage :45 - Enter email : [[ChromeDriver: chrome on windows (e705010ae9ee478de17da6414a046fea)] -> id: Email]
2024-06-23 23:06:567 INFO  LoginPage :50 - Enter password : [[ChromeDriver: chrome on windows (e705010ae9ee478de17da6414a046fea)] -> name: Password]
2024-06-23 23:06:846 INFO  LoginPage :55 - Click on login button : [[ChromeDriver: chrome on windows (e705010ae9ee478de17da6414a046fea)] -> xpath: //button[contains(text(),'Log in')]]
2024-06-23 23:06:930 INFO  LoginPage :59 - Getting error message : [[ChromeDriver: chrome on windows (e705010ae9ee478de17da6414a046fea)] -> xpath: //div[@class='message-error validation-summary-errors']]
2024-06-23 23:06:949 INFO  HomePage :41 - Clicking on login link : [[ChromeDriver: chrome on windows (11092657fb6d9adb2164ee9f2b6395b5)] -> link text: Log in]
2024-06-23 23:06:93 INFO  LoginPage :45 - Enter email : [[ChromeDriver: chrome on windows (11092657fb6d9adb2164ee9f2b6395b5)] -> id: Email]
2024-06-23 23:06:184 INFO  LoginPage :50 - Enter password : [[ChromeDriver: chrome on windows (11092657fb6d9adb2164ee9f2b6395b5)] -> name: Password]
2024-06-23 23:06:460 INFO  LoginPage :55 - Click on login button : [[ChromeDriver: chrome on windows (11092657fb6d9adb2164ee9f2b6395b5)] -> xpath: //button[contains(text(),'Log in')]]
2024-06-23 23:06:536 INFO  LoginPage :59 - Getting error message : [[ChromeDriver: chrome on windows (11092657fb6d9adb2164ee9f2b6395b5)] -> xpath: //div[@class='message-error validation-summary-errors']]
2024-06-23 23:06:533 INFO  HomePage :41 - Clicking on login link : [[ChromeDriver: chrome on windows (608e3a9c4109eb422d8f486fca3cd4b8)] -> link text: Log in]
2024-06-23 23:06:698 INFO  LoginPage :45 - Enter email : [[ChromeDriver: chrome on windows (608e3a9c4109eb422d8f486fca3cd4b8)] -> id: Email]
2024-06-23 23:06:793 INFO  LoginPage :50 - Enter password : [[ChromeDriver: chrome on windows (608e3a9c4109eb422d8f486fca3cd4b8)] -> name: Password]
2024-06-23 23:06:119 INFO  LoginPage :55 - Click on login button : [[ChromeDriver: chrome on windows (608e3a9c4109eb422d8f486fca3cd4b8)] -> xpath: //button[contains(text(),'Log in')]]
2024-06-23 23:06:202 INFO  LoginPage :59 - Getting error message : [[ChromeDriver: chrome on windows (608e3a9c4109eb422d8f486fca3cd4b8)] -> xpath: //div[@class='message-error validation-summary-errors']]
2024-06-23 23:06:185 INFO  HomePage :41 - Clicking on login link : [[ChromeDriver: chrome on windows (e3f54d64ca2a613493cc838fcff0aeea)] -> link text: Log in]
2024-06-23 23:06:329 INFO  LoginPage :45 - Enter email : [[ChromeDriver: chrome on windows (e3f54d64ca2a613493cc838fcff0aeea)] -> id: Email]
2024-06-23 23:06:416 INFO  LoginPage :50 - Enter password : [[ChromeDriver: chrome on windows (e3f54d64ca2a613493cc838fcff0aeea)] -> name: Password]
2024-06-23 23:06:772 INFO  LoginPage :55 - Click on login button : [[ChromeDriver: chrome on windows (e3f54d64ca2a613493cc838fcff0aeea)] -> xpath: //button[contains(text(),'Log in')]]
2024-06-23 23:06:794 INFO  LoginPage :59 - Getting error message : [[ChromeDriver: chrome on windows (e3f54d64ca2a613493cc838fcff0aeea)] -> xpath: //div[@class='message-error validation-summary-errors']]
2024-06-23 23:06:749 INFO  HomePage :41 - Clicking on login link : [[ChromeDriver: chrome on windows (9580f609f481de834cf304272d8b9ae1)] -> link text: Log in]
2024-06-23 23:06:894 INFO  LoginPage :45 - Enter email : [[ChromeDriver: chrome on windows (9580f609f481de834cf304272d8b9ae1)] -> id: Email]
2024-06-23 23:06:983 INFO  LoginPage :50 - Enter password : [[ChromeDriver: chrome on windows (9580f609f481de834cf304272d8b9ae1)] -> name: Password]
2024-06-23 23:06:267 INFO  LoginPage :55 - Click on login button : [[ChromeDriver: chrome on windows (9580f609f481de834cf304272d8b9ae1)] -> xpath: //button[contains(text(),'Log in')]]
2024-06-23 23:06:338 INFO  LoginPage :59 - Getting error message : [[ChromeDriver: chrome on windows (9580f609f481de834cf304272d8b9ae1)] -> xpath: //div[@class='message-error validation-summary-errors']]
2024-06-23 23:06:111 INFO  HomePage :41 - Clicking on login link : [[ChromeDriver: chrome on windows (cb4b38ee7d11ea1fabe7860c4e532e9d)] -> link text: Log in]
2024-06-23 23:06:251 INFO  LoginPage :45 - Enter email : [[ChromeDriver: chrome on windows (cb4b38ee7d11ea1fabe7860c4e532e9d)] -> id: Email]
2024-06-23 23:06:330 INFO  LoginPage :50 - Enter password : [[ChromeDriver: chrome on windows (cb4b38ee7d11ea1fabe7860c4e532e9d)] -> name: Password]
2024-06-23 23:06:669 INFO  LoginPage :55 - Click on login button : [[ChromeDriver: chrome on windows (cb4b38ee7d11ea1fabe7860c4e532e9d)] -> xpath: //button[contains(text(),'Log in')]]
2024-06-23 23:06:697 INFO  LoginPage :59 - Getting error message : [[ChromeDriver: chrome on windows (cb4b38ee7d11ea1fabe7860c4e532e9d)] -> xpath: //div[@class='message-error validation-summary-errors']]
2024-06-23 23:06:345 INFO  HomePage :41 - Clicking on login link : [[ChromeDriver: chrome on windows (15d16a4f41e7ca4bbff002cb16e9ec8c)] -> link text: Log in]
2024-06-23 23:06:475 INFO  LoginPage :45 - Enter email : [[ChromeDriver: chrome on windows (15d16a4f41e7ca4bbff002cb16e9ec8c)] -> id: Email]
2024-06-23 23:06:539 INFO  LoginPage :50 - Enter password : [[ChromeDriver: chrome on windows (15d16a4f41e7ca4bbff002cb16e9ec8c)] -> name: Password]
2024-06-23 23:06:816 INFO  LoginPage :55 - Click on login button : [[ChromeDriver: chrome on windows (15d16a4f41e7ca4bbff002cb16e9ec8c)] -> xpath: //button[contains(text(),'Log in')]]
2024-06-23 23:06:892 INFO  LoginPage :59 - Getting error message : [[ChromeDriver: chrome on windows (15d16a4f41e7ca4bbff002cb16e9ec8c)] -> xpath: //div[@class='message-error validation-summary-errors']]
2024-06-23 23:06:928 INFO  HomePage :41 - Clicking on login link : [[ChromeDriver: chrome on windows (e681cf8e23d72ce2e0f1f574ed603dfa)] -> link text: Log in]
2024-06-23 23:06:966 INFO  LoginPage :39 - Getting text from : [[ChromeDriver: chrome on windows (e681cf8e23d72ce2e0f1f574ed603dfa)] -> xpath: //h1[contains(text(),'Welcome, Please Sign In!')]]
2024-06-23 23:06:284 INFO  HomePage :41 - Clicking on login link : [[ChromeDriver: chrome on windows (ee259827f54a444458db4348616ef9c3)] -> link text: Log in]
2024-06-23 23:06:424 INFO  LoginPage :45 - Enter email : [[ChromeDriver: chrome on windows (ee259827f54a444458db4348616ef9c3)] -> id: Email]
2024-06-23 23:06:532 INFO  LoginPage :50 - Enter password : [[ChromeDriver: chrome on windows (ee259827f54a444458db4348616ef9c3)] -> name: Password]
2024-06-23 23:06:845 INFO  LoginPage :55 - Click on login button : [[ChromeDriver: chrome on windows (ee259827f54a444458db4348616ef9c3)] -> xpath: //button[contains(text(),'Log in')]]
2024-06-23 23:06:915 INFO  LoginPage :59 - Getting error message : [[ChromeDriver: chrome on windows (ee259827f54a444458db4348616ef9c3)] -> xpath: //div[@class='message-error validation-summary-errors']]
2024-06-24 01:06:199 INFO  HomePage :51 - Clicking on login link : [[ChromeDriver: chrome on windows (4591e011d9cfbd8fc81ed180ded03d34)] -> link text: Log in]
2024-06-24 01:06:261 INFO  LoginPage :39 - Getting text from : [[ChromeDriver: chrome on windows (4591e011d9cfbd8fc81ed180ded03d34)] -> xpath: //h1[contains(text(),'Welcome, Please Sign In!')]]
2024-06-24 01:06:662 INFO  HomePage :51 - Clicking on login link : [[ChromeDriver: chrome on windows (0f09b3e850533515094bae8a52426e19)] -> link text: Log in]
2024-06-24 01:06:786 INFO  LoginPage :45 - Enter email : [[ChromeDriver: chrome on windows (0f09b3e850533515094bae8a52426e19)] -> id: Email]
2024-06-24 01:06:869 INFO  LoginPage :50 - Enter password : [[ChromeDriver: chrome on windows (0f09b3e850533515094bae8a52426e19)] -> name: Password]
2024-06-24 01:06:179 INFO  LoginPage :55 - Click on login button : [[ChromeDriver: chrome on windows (0f09b3e850533515094bae8a52426e19)] -> xpath: //button[contains(text(),'Log in')]]
2024-06-24 01:06:244 INFO  LoginPage :59 - Getting error message : [[ChromeDriver: chrome on windows (0f09b3e850533515094bae8a52426e19)] -> xpath: //div[@class='message-error validation-summary-errors']]
2024-06-24 01:06:804 INFO  HomePage :56 - Clicking on register link : [[ChromeDriver: chrome on windows (a4461796f3b8298dc2f1521c176f8420)] -> xpath: //a[contains(text(),'Register')]]
2024-06-24 01:06:857 INFO  RegisterPage :182 - Get register text[[ChromeDriver: chrome on windows (a4461796f3b8298dc2f1521c176f8420)] -> xpath: //h1[contains(text(),'Register')]]
2024-06-24 02:06:811 INFO  HomePage :56 - Clicking on register link : [[ChromeDriver: chrome on windows (68a9032da1f7d47d0801c40f911c4d37)] -> xpath: //a[contains(text(),'Register')]]
2024-06-24 02:06:852 INFO  RegisterPage :182 - Get register text[[ChromeDriver: chrome on windows (68a9032da1f7d47d0801c40f911c4d37)] -> xpath: //h1[contains(text(),'Register')]]
2024-06-24 02:06:59 INFO  HomePage :56 - Clicking on register link : [[ChromeDriver: chrome on windows (14472d029c47b007a72cf86f0f3fd678)] -> xpath: //a[contains(text(),'Register')]]
2024-06-24 02:06:737 INFO  HomePage :56 - Clicking on register link : [[ChromeDriver: chrome on windows (07a6011c3311dfef47a4a041eb9be2f1)] -> xpath: //a[contains(text(),'Register')]]
2024-06-24 02:06:824 INFO  RegisterPage :148 - Clicking on register link[[ChromeDriver: chrome on windows (07a6011c3311dfef47a4a041eb9be2f1)] -> xpath: //button[@id='register-button']]
2024-06-24 02:06:864 INFO  RegisterPage :154 - Get first name required text display[[ChromeDriver: chrome on windows (07a6011c3311dfef47a4a041eb9be2f1)] -> id: FirstName-error]
2024-06-24 02:06:890 INFO  RegisterPage :161 - Get last name required text display[[ChromeDriver: chrome on windows (07a6011c3311dfef47a4a041eb9be2f1)] -> id: LastName-error]
2024-06-24 02:06:115 INFO  HomePage :56 - Clicking on register link : [[ChromeDriver: chrome on windows (5262f80a4c06199e51d96d07e6323c32)] -> xpath: //a[contains(text(),'Register')]]
2024-06-24 02:06:199 INFO  RegisterPage :148 - Clicking on register link[[ChromeDriver: chrome on windows (5262f80a4c06199e51d96d07e6323c32)] -> xpath: //button[@id='register-button']]
2024-06-24 02:06:232 INFO  RegisterPage :154 - Get first name required text display[[ChromeDriver: chrome on windows (5262f80a4c06199e51d96d07e6323c32)] -> id: FirstName-error]
2024-06-24 02:06:260 INFO  RegisterPage :161 - Get last name required text display[[ChromeDriver: chrome on windows (5262f80a4c06199e51d96d07e6323c32)] -> id: LastName-error]
2024-06-24 02:06:282 INFO  RegisterPage :168 - Get Email required text display[[ChromeDriver: chrome on windows (5262f80a4c06199e51d96d07e6323c32)] -> id: Email-error]
2024-06-24 02:06:305 INFO  RegisterPage :175 - Get password required text display[[ChromeDriver: chrome on windows (5262f80a4c06199e51d96d07e6323c32)] -> id: ConfirmPassword-error]
2024-06-24 03:06:650 INFO  HomePage :56 - Clicking on register link : [[ChromeDriver: chrome on windows (2c93aadae19468c532b056e4167380c3)] -> xpath: //a[contains(text(),'Register')]]
2024-06-24 03:06:728 INFO  RegisterPage :141 - Clicking on female radio button[[ChromeDriver: chrome on windows (2c93aadae19468c532b056e4167380c3)] -> id: gender-female]
2024-06-24 03:06:813 INFO  RegisterPage :128 - Enter First Name [[ChromeDriver: chrome on windows (2c93aadae19468c532b056e4167380c3)] -> id: FirstName]
2024-06-24 03:06:891 INFO  RegisterPage :134 - Enter Last Name [[ChromeDriver: chrome on windows (2c93aadae19468c532b056e4167380c3)] -> id: LastName]
2024-06-24 03:06:947 INFO  RegisterPage :110 - Enter date [[ChromeDriver: chrome on windows (2c93aadae19468c532b056e4167380c3)] -> name: DateOfBirthDay]
2024-06-24 03:06:999 INFO  RegisterPage :116 - Enter month [[ChromeDriver: chrome on windows (2c93aadae19468c532b056e4167380c3)] -> name: DateOfBirthMonth]
2024-06-24 03:06:61 INFO  RegisterPage :122 - Enter year [[ChromeDriver: chrome on windows (2c93aadae19468c532b056e4167380c3)] -> name: DateOfBirthYear]
2024-06-24 03:06:151 INFO  RegisterPage :92 - Enter emailId [[ChromeDriver: chrome on windows (2c93aadae19468c532b056e4167380c3)] -> id: Email]
2024-06-24 03:06:274 INFO  RegisterPage :98 - Enter password [[ChromeDriver: chrome on windows (2c93aadae19468c532b056e4167380c3)] -> id: Password]
2024-06-24 03:06:358 INFO  RegisterPage :104 - Enter confirm password [[ChromeDriver: chrome on windows (2c93aadae19468c532b056e4167380c3)] -> id: ConfirmPassword]
2024-06-24 03:06:415 INFO  RegisterPage :148 - Clicking on register link[[ChromeDriver: chrome on windows (2c93aadae19468c532b056e4167380c3)] -> xpath: //button[@id='register-button']]
2024-06-24 03:06:673 INFO  HomePage :56 - Clicking on register link : [[ChromeDriver: chrome on windows (ff4bbf0686ed3d7bf6985eb8828fd352)] -> xpath: //a[contains(text(),'Register')]]
2024-06-24 03:06:751 INFO  RegisterPage :141 - Clicking on female radio button[[ChromeDriver: chrome on windows (ff4bbf0686ed3d7bf6985eb8828fd352)] -> id: gender-female]
2024-06-24 03:06:836 INFO  RegisterPage :128 - Enter First Name [[ChromeDriver: chrome on windows (ff4bbf0686ed3d7bf6985eb8828fd352)] -> id: FirstName]
2024-06-24 03:06:915 INFO  RegisterPage :134 - Enter Last Name [[ChromeDriver: chrome on windows (ff4bbf0686ed3d7bf6985eb8828fd352)] -> id: LastName]
2024-06-24 03:06:973 INFO  RegisterPage :110 - Enter date [[ChromeDriver: chrome on windows (ff4bbf0686ed3d7bf6985eb8828fd352)] -> name: DateOfBirthDay]
2024-06-24 03:06:26 INFO  RegisterPage :116 - Enter month [[ChromeDriver: chrome on windows (ff4bbf0686ed3d7bf6985eb8828fd352)] -> name: DateOfBirthMonth]
2024-06-24 03:06:81 INFO  RegisterPage :122 - Enter year [[ChromeDriver: chrome on windows (ff4bbf0686ed3d7bf6985eb8828fd352)] -> name: DateOfBirthYear]
2024-06-24 03:06:149 INFO  RegisterPage :92 - Enter emailId [[ChromeDriver: chrome on windows (ff4bbf0686ed3d7bf6985eb8828fd352)] -> id: Email]
2024-06-24 03:06:236 INFO  RegisterPage :98 - Enter password [[ChromeDriver: chrome on windows (ff4bbf0686ed3d7bf6985eb8828fd352)] -> id: Password]
2024-06-24 03:06:315 INFO  RegisterPage :104 - Enter confirm password [[ChromeDriver: chrome on windows (ff4bbf0686ed3d7bf6985eb8828fd352)] -> id: ConfirmPassword]
2024-06-24 03:06:372 INFO  RegisterPage :148 - Clicking on register link[[ChromeDriver: chrome on windows (ff4bbf0686ed3d7bf6985eb8828fd352)] -> xpath: //button[@id='register-button']]
2024-06-24 03:06:216 INFO  HomePage :56 - Clicking on register link : [[ChromeDriver: chrome on windows (b2a7b9972882802582d39f5d5134f941)] -> xpath: //a[contains(text(),'Register')]]
2024-06-24 03:06:289 INFO  RegisterPage :141 - Clicking on female radio button[[ChromeDriver: chrome on windows (b2a7b9972882802582d39f5d5134f941)] -> id: gender-female]
2024-06-24 03:06:413 INFO  RegisterPage :128 - Enter First Name [[ChromeDriver: chrome on windows (b2a7b9972882802582d39f5d5134f941)] -> id: FirstName]
2024-06-24 03:06:513 INFO  RegisterPage :134 - Enter Last Name [[ChromeDriver: chrome on windows (b2a7b9972882802582d39f5d5134f941)] -> id: LastName]
2024-06-24 03:06:577 INFO  RegisterPage :110 - Enter date [[ChromeDriver: chrome on windows (b2a7b9972882802582d39f5d5134f941)] -> name: DateOfBirthDay]
2024-06-24 03:06:630 INFO  RegisterPage :116 - Enter month [[ChromeDriver: chrome on windows (b2a7b9972882802582d39f5d5134f941)] -> name: DateOfBirthMonth]
2024-06-24 03:06:681 INFO  RegisterPage :122 - Enter year [[ChromeDriver: chrome on windows (b2a7b9972882802582d39f5d5134f941)] -> name: DateOfBirthYear]
2024-06-24 03:06:798 INFO  RegisterPage :92 - Enter emailId [[ChromeDriver: chrome on windows (b2a7b9972882802582d39f5d5134f941)] -> id: Email]
2024-06-24 03:06:885 INFO  RegisterPage :98 - Enter password [[ChromeDriver: chrome on windows (b2a7b9972882802582d39f5d5134f941)] -> id: Password]
2024-06-24 03:06:967 INFO  RegisterPage :104 - Enter confirm password [[ChromeDriver: chrome on windows (b2a7b9972882802582d39f5d5134f941)] -> id: ConfirmPassword]
2024-06-24 03:06:481 INFO  RegisterPage :148 - Clicking on register link[[ChromeDriver: chrome on windows (b2a7b9972882802582d39f5d5134f941)] -> xpath: //button[@id='register-button']]
2024-06-24 03:06:564 INFO  RegisterPage :85 - Registration complete text display[[ChromeDriver: chrome on windows (b2a7b9972882802582d39f5d5134f941)] -> xpath: //div[@class = 'result']]
2024-06-24 03:06:662 INFO  HomePage :51 - Clicking on login link : [[ChromeDriver: chrome on windows (2bd0e2df64e0a26cae0bbcbcfd0afd7a)] -> link text: Log in]
2024-06-24 03:06:827 INFO  LoginPage :45 - Enter email : [[ChromeDriver: chrome on windows (2bd0e2df64e0a26cae0bbcbcfd0afd7a)] -> id: Email]
2024-06-24 03:06:922 INFO  LoginPage :50 - Enter password : [[ChromeDriver: chrome on windows (2bd0e2df64e0a26cae0bbcbcfd0afd7a)] -> name: Password]
2024-06-24 03:06:295 INFO  LoginPage :55 - Click on login button : [[ChromeDriver: chrome on windows (2bd0e2df64e0a26cae0bbcbcfd0afd7a)] -> xpath: //button[contains(text(),'Log in')]]
2024-06-24 03:06:318 INFO  LoginPage :59 - Getting error message : [[ChromeDriver: chrome on windows (2bd0e2df64e0a26cae0bbcbcfd0afd7a)] -> xpath: //div[@class='message-error validation-summary-errors']]
2024-06-24 03:06:277 INFO  HomePage :51 - Clicking on login link : [[ChromeDriver: chrome on windows (477e8aa526f9bf88e814a1ca949e1333)] -> link text: Log in]
2024-06-24 03:06:464 INFO  LoginPage :45 - Enter email : [[ChromeDriver: chrome on windows (477e8aa526f9bf88e814a1ca949e1333)] -> id: Email]
2024-06-24 03:06:563 INFO  LoginPage :50 - Enter password : [[ChromeDriver: chrome on windows (477e8aa526f9bf88e814a1ca949e1333)] -> name: Password]
2024-06-24 03:06:214 INFO  LoginPage :55 - Click on login button : [[ChromeDriver: chrome on windows (477e8aa526f9bf88e814a1ca949e1333)] -> xpath: //button[contains(text(),'Log in')]]
2024-06-24 03:06:264 INFO  HomePage :45 - Get logout link[[ChromeDriver: chrome on windows (477e8aa526f9bf88e814a1ca949e1333)] -> link text: Log out]
2024-06-24 03:06:104 INFO  HomePage :51 - Clicking on login link : [[ChromeDriver: chrome on windows (882119d9ab1837a9a1013da6a155426b)] -> link text: Log in]
2024-06-24 03:06:244 INFO  LoginPage :45 - Enter email : [[ChromeDriver: chrome on windows (882119d9ab1837a9a1013da6a155426b)] -> id: Email]
2024-06-24 03:06:329 INFO  LoginPage :50 - Enter password : [[ChromeDriver: chrome on windows (882119d9ab1837a9a1013da6a155426b)] -> name: Password]
2024-06-24 03:06:875 INFO  LoginPage :55 - Click on login button : [[ChromeDriver: chrome on windows (882119d9ab1837a9a1013da6a155426b)] -> xpath: //button[contains(text(),'Log in')]]
2024-06-24 03:06:528 INFO  HomePage :70 - Clicking on logout link[[ChromeDriver: chrome on windows (882119d9ab1837a9a1013da6a155426b)] -> link text: Log out]
2024-06-24 03:06:387 INFO  HomePage :51 - Clicking on login link : [[ChromeDriver: chrome on windows (a712f3522c6899f89d3b532dcea6db75)] -> link text: Log in]
2024-06-24 03:06:527 INFO  LoginPage :45 - Enter email : [[ChromeDriver: chrome on windows (a712f3522c6899f89d3b532dcea6db75)] -> id: Email]
2024-06-24 03:06:618 INFO  LoginPage :50 - Enter password : [[ChromeDriver: chrome on windows (a712f3522c6899f89d3b532dcea6db75)] -> name: Password]
2024-06-24 03:06:148 INFO  LoginPage :55 - Click on login button : [[ChromeDriver: chrome on windows (a712f3522c6899f89d3b532dcea6db75)] -> xpath: //button[contains(text(),'Log in')]]
2024-06-24 03:06:788 INFO  HomePage :70 - Clicking on logout link[[ChromeDriver: chrome on windows (a712f3522c6899f89d3b532dcea6db75)] -> link text: Log out]
2024-06-24 03:06:418 INFO  HomePage :57 - Clicking on login link : [[ChromeDriver: chrome on windows (d05bb562fc1f0463c225aae9ced42c51)] -> link text: Log in]
2024-06-24 03:06:651 INFO  LoginPage :45 - Enter email : [[ChromeDriver: chrome on windows (d05bb562fc1f0463c225aae9ced42c51)] -> id: Email]
2024-06-24 03:06:790 INFO  LoginPage :50 - Enter password : [[ChromeDriver: chrome on windows (d05bb562fc1f0463c225aae9ced42c51)] -> name: Password]
2024-06-24 03:06:394 INFO  LoginPage :55 - Click on login button : [[ChromeDriver: chrome on windows (d05bb562fc1f0463c225aae9ced42c51)] -> xpath: //button[contains(text(),'Log in')]]
2024-06-24 03:06:17 INFO  HomePage :76 - Clicking on logout link[[ChromeDriver: chrome on windows (d05bb562fc1f0463c225aae9ced42c51)] -> link text: Log out]
2024-06-24 03:06:935 INFO  HomePage :62 - Clicking on register link : [[ChromeDriver: chrome on windows (d0a97047e5fb728c729382b4f9d7beda)] -> xpath: //a[contains(text(),'Register')]]
2024-06-24 03:06:983 INFO  RegisterPage :182 - Get register text[[ChromeDriver: chrome on windows (d0a97047e5fb728c729382b4f9d7beda)] -> xpath: //h1[contains(text(),'Register')]]
2024-06-24 03:06:339 INFO  HomePage :62 - Clicking on register link : [[ChromeDriver: chrome on windows (5dd1ea1c314e32c7522ec33e03150a43)] -> xpath: //a[contains(text(),'Register')]]
2024-06-24 03:06:429 INFO  RegisterPage :148 - Clicking on register link[[ChromeDriver: chrome on windows (5dd1ea1c314e32c7522ec33e03150a43)] -> xpath: //button[@id='register-button']]
2024-06-24 03:06:461 INFO  RegisterPage :154 - Get first name required text display[[ChromeDriver: chrome on windows (5dd1ea1c314e32c7522ec33e03150a43)] -> id: FirstName-error]
2024-06-24 03:06:485 INFO  RegisterPage :161 - Get last name required text display[[ChromeDriver: chrome on windows (5dd1ea1c314e32c7522ec33e03150a43)] -> id: LastName-error]
2024-06-24 03:06:515 INFO  RegisterPage :168 - Get Email required text display[[ChromeDriver: chrome on windows (5dd1ea1c314e32c7522ec33e03150a43)] -> id: Email-error]
2024-06-24 03:06:537 INFO  RegisterPage :175 - Get password required text display[[ChromeDriver: chrome on windows (5dd1ea1c314e32c7522ec33e03150a43)] -> id: ConfirmPassword-error]
2024-06-24 03:06:772 INFO  HomePage :62 - Clicking on register link : [[ChromeDriver: chrome on windows (a3ff4abe3e4b9b93a136603695ddfcfa)] -> xpath: //a[contains(text(),'Register')]]
2024-06-24 03:06:863 INFO  RegisterPage :141 - Clicking on female radio button[[ChromeDriver: chrome on windows (a3ff4abe3e4b9b93a136603695ddfcfa)] -> id: gender-female]
2024-06-24 03:06:974 INFO  RegisterPage :128 - Enter First Name [[ChromeDriver: chrome on windows (a3ff4abe3e4b9b93a136603695ddfcfa)] -> id: FirstName]
2024-06-24 03:06:87 INFO  RegisterPage :134 - Enter Last Name [[ChromeDriver: chrome on windows (a3ff4abe3e4b9b93a136603695ddfcfa)] -> id: LastName]
2024-06-24 03:06:163 INFO  RegisterPage :110 - Enter date [[ChromeDriver: chrome on windows (a3ff4abe3e4b9b93a136603695ddfcfa)] -> name: DateOfBirthDay]
2024-06-24 03:06:241 INFO  RegisterPage :116 - Enter month [[ChromeDriver: chrome on windows (a3ff4abe3e4b9b93a136603695ddfcfa)] -> name: DateOfBirthMonth]
2024-06-24 03:06:310 INFO  RegisterPage :122 - Enter year [[ChromeDriver: chrome on windows (a3ff4abe3e4b9b93a136603695ddfcfa)] -> name: DateOfBirthYear]
2024-06-24 03:06:441 INFO  RegisterPage :92 - Enter emailId [[ChromeDriver: chrome on windows (a3ff4abe3e4b9b93a136603695ddfcfa)] -> id: Email]
2024-06-24 03:06:543 INFO  RegisterPage :98 - Enter password [[ChromeDriver: chrome on windows (a3ff4abe3e4b9b93a136603695ddfcfa)] -> id: Password]
2024-06-24 03:06:653 INFO  RegisterPage :104 - Enter confirm password [[ChromeDriver: chrome on windows (a3ff4abe3e4b9b93a136603695ddfcfa)] -> id: ConfirmPassword]
2024-06-24 03:06:235 INFO  RegisterPage :148 - Clicking on register link[[ChromeDriver: chrome on windows (a3ff4abe3e4b9b93a136603695ddfcfa)] -> xpath: //button[@id='register-button']]
2024-06-24 03:06:265 INFO  RegisterPage :85 - Registration complete text display[[ChromeDriver: chrome on windows (a3ff4abe3e4b9b93a136603695ddfcfa)] -> xpath: //div[@class = 'result']]
2024-06-24 15:06:873 INFO  HomePage :69 - Clicking on menu tab : [[[ChromeDriver: chrome on windows (27f09bf14725cb5bbdd7d8c2b654afc5)] -> xpath: //div[@class='header-menu']/child::ul[1]/li/a], [[ChromeDriver: chrome on windows (27f09bf14725cb5bbdd7d8c2b654afc5)] -> xpath: //div[@class='header-menu']/child::ul[1]/li/a], [[ChromeDriver: chrome on windows (27f09bf14725cb5bbdd7d8c2b654afc5)] -> xpath: //div[@class='header-menu']/child::ul[1]/li/a], [[ChromeDriver: chrome on windows (27f09bf14725cb5bbdd7d8c2b654afc5)] -> xpath: //div[@class='header-menu']/child::ul[1]/li/a], [[ChromeDriver: chrome on windows (27f09bf14725cb5bbdd7d8c2b654afc5)] -> xpath: //div[@class='header-menu']/child::ul[1]/li/a], [[ChromeDriver: chrome on windows (27f09bf14725cb5bbdd7d8c2b654afc5)] -> xpath: //div[@class='header-menu']/child::ul[1]/li/a], [[ChromeDriver: chrome on windows (27f09bf14725cb5bbdd7d8c2b654afc5)] -> xpath: //div[@class='header-menu']/child::ul[1]/li/a]]
2024-06-24 15:06:918 INFO  ComputerPage :35 - Get computer text[[ChromeDriver: chrome on windows (27f09bf14725cb5bbdd7d8c2b654afc5)] -> xpath: //h1]
2024-06-24 15:06:539 INFO  HomePage :69 - Clicking on menu tab : [[[ChromeDriver: chrome on windows (06236dbc36f0da1fb3378b54f568f780)] -> xpath: //div[@class='header-menu']/child::ul[1]/li/a], [[ChromeDriver: chrome on windows (06236dbc36f0da1fb3378b54f568f780)] -> xpath: //div[@class='header-menu']/child::ul[1]/li/a], [[ChromeDriver: chrome on windows (06236dbc36f0da1fb3378b54f568f780)] -> xpath: //div[@class='header-menu']/child::ul[1]/li/a], [[ChromeDriver: chrome on windows (06236dbc36f0da1fb3378b54f568f780)] -> xpath: //div[@class='header-menu']/child::ul[1]/li/a], [[ChromeDriver: chrome on windows (06236dbc36f0da1fb3378b54f568f780)] -> xpath: //div[@class='header-menu']/child::ul[1]/li/a], [[ChromeDriver: chrome on windows (06236dbc36f0da1fb3378b54f568f780)] -> xpath: //div[@class='header-menu']/child::ul[1]/li/a], [[ChromeDriver: chrome on windows (06236dbc36f0da1fb3378b54f568f780)] -> xpath: //div[@class='header-menu']/child::ul[1]/li/a]]
2024-06-24 15:06:621 INFO  ComputerPage :35 - Get computer text[[ChromeDriver: chrome on windows (06236dbc36f0da1fb3378b54f568f780)] -> xpath: //h1]
2024-06-24 15:06:649 INFO  ComputerPage :42 - Clicking on logout link[[ChromeDriver: chrome on windows (7efa087a3732ef00b5cfe64e472fb860)] -> xpath: //ul[@class='top-menu notmobile']//a[normalize-space()='Desktops']]
2024-06-24 15:06:722 INFO  ComputerPage :35 - Get computer text[[ChromeDriver: chrome on windows (7efa087a3732ef00b5cfe64e472fb860)] -> xpath: //h1]
2024-06-24 15:06:31 INFO  HomePage :69 - Clicking on menu tab : [[[ChromeDriver: chrome on windows (fd6ca680677e605e1b116b6a385bf935)] -> xpath: //div[@class='header-menu']/child::ul[1]/li/a], [[ChromeDriver: chrome on windows (fd6ca680677e605e1b116b6a385bf935)] -> xpath: //div[@class='header-menu']/child::ul[1]/li/a], [[ChromeDriver: chrome on windows (fd6ca680677e605e1b116b6a385bf935)] -> xpath: //div[@class='header-menu']/child::ul[1]/li/a], [[ChromeDriver: chrome on windows (fd6ca680677e605e1b116b6a385bf935)] -> xpath: //div[@class='header-menu']/child::ul[1]/li/a], [[ChromeDriver: chrome on windows (fd6ca680677e605e1b116b6a385bf935)] -> xpath: //div[@class='header-menu']/child::ul[1]/li/a], [[ChromeDriver: chrome on windows (fd6ca680677e605e1b116b6a385bf935)] -> xpath: //div[@class='header-menu']/child::ul[1]/li/a], [[ChromeDriver: chrome on windows (fd6ca680677e605e1b116b6a385bf935)] -> xpath: //div[@class='header-menu']/child::ul[1]/li/a]]
2024-06-24 15:06:75 INFO  ComputerPage :35 - Get computer text[[ChromeDriver: chrome on windows (fd6ca680677e605e1b116b6a385bf935)] -> xpath: //h1]
2024-06-24 15:06:78 INFO  ComputerPage :42 - Clicking on logout link[[ChromeDriver: chrome on windows (aed556fc1d986298e6b36978b30a2103)] -> xpath: //ul[@class='top-menu notmobile']//a[normalize-space()='Desktops']]
2024-06-24 15:06:182 INFO  DesktopPage :38 - Get desktop text[[ChromeDriver: chrome on windows (aed556fc1d986298e6b36978b30a2103)] -> xpath: //h1]
2024-06-24 15:06:877 INFO  HomePage :69 - Clicking on menu tab : [[[ChromeDriver: chrome on windows (6d1f120d5491aaa799f9dbe877f07af3)] -> xpath: //div[@class='header-menu']/child::ul[1]/li/a], [[ChromeDriver: chrome on windows (6d1f120d5491aaa799f9dbe877f07af3)] -> xpath: //div[@class='header-menu']/child::ul[1]/li/a], [[ChromeDriver: chrome on windows (6d1f120d5491aaa799f9dbe877f07af3)] -> xpath: //div[@class='header-menu']/child::ul[1]/li/a], [[ChromeDriver: chrome on windows (6d1f120d5491aaa799f9dbe877f07af3)] -> xpath: //div[@class='header-menu']/child::ul[1]/li/a], [[ChromeDriver: chrome on windows (6d1f120d5491aaa799f9dbe877f07af3)] -> xpath: //div[@class='header-menu']/child::ul[1]/li/a], [[ChromeDriver: chrome on windows (6d1f120d5491aaa799f9dbe877f07af3)] -> xpath: //div[@class='header-menu']/child::ul[1]/li/a], [[ChromeDriver: chrome on windows (6d1f120d5491aaa799f9dbe877f07af3)] -> xpath: //div[@class='header-menu']/child::ul[1]/li/a]]
2024-06-24 16:06:288 INFO  HomePage :69 - Clicking on menu tab : [[[ChromeDriver: chrome on windows (f59296c13cf138047c44ca60ebc9ead6)] -> xpath: //div[@class='header-menu']/child::ul[1]/li/a], [[ChromeDriver: chrome on windows (f59296c13cf138047c44ca60ebc9ead6)] -> xpath: //div[@class='header-menu']/child::ul[1]/li/a], [[ChromeDriver: chrome on windows (f59296c13cf138047c44ca60ebc9ead6)] -> xpath: //div[@class='header-menu']/child::ul[1]/li/a], [[ChromeDriver: chrome on windows (f59296c13cf138047c44ca60ebc9ead6)] -> xpath: //div[@class='header-menu']/child::ul[1]/li/a], [[ChromeDriver: chrome on windows (f59296c13cf138047c44ca60ebc9ead6)] -> xpath: //div[@class='header-menu']/child::ul[1]/li/a], [[ChromeDriver: chrome on windows (f59296c13cf138047c44ca60ebc9ead6)] -> xpath: //div[@class='header-menu']/child::ul[1]/li/a], [[ChromeDriver: chrome on windows (f59296c13cf138047c44ca60ebc9ead6)] -> xpath: //div[@class='header-menu']/child::ul[1]/li/a]]
2024-06-24 16:06:325 INFO  ComputerPage :35 - Get computer text[[ChromeDriver: chrome on windows (f59296c13cf138047c44ca60ebc9ead6)] -> xpath: //h1]
2024-06-24 16:06:421 INFO  ComputerPage :42 - Clicking on logout link[[ChromeDriver: chrome on windows (ae7c43bedb5382f33f72d3c376987f88)] -> xpath: //ul[@class='top-menu notmobile']//a[normalize-space()='Desktops']]
2024-06-24 16:06:478 INFO  DesktopPage :38 - Get desktop text[[ChromeDriver: chrome on windows (ae7c43bedb5382f33f72d3c376987f88)] -> xpath: //h1]
2024-06-24 16:06:508 INFO  ComputerPage :42 - Clicking on logout link[[ChromeDriver: chrome on windows (933885f9511f00f356856e502ee07775)] -> xpath: //ul[@class='top-menu notmobile']//a[normalize-space()='Desktops']]
2024-06-24 16:06:778 INFO  DesktopPage :44 - Clicking on logout link[[ChromeDriver: chrome on windows (933885f9511f00f356856e502ee07775)] -> xpath: //body/div[6]/div[3]/div[1]/div[3]/div[1]/div[2]/div[2]/div[2]/div[1]/div[1]/div[1]/div[1]/div[1]/a[1]/img[1]]
2024-06-24 16:06:908 INFO  BuildYourOwnComputerPage :54 - Select processor : [[ChromeDriver: chrome on windows (933885f9511f00f356856e502ee07775)] -> css selector: #product_attribute_1]
2024-06-24 16:06:09 INFO  BuildYourOwnComputerPage :59 - select ram[[ChromeDriver: chrome on windows (933885f9511f00f356856e502ee07775)] -> css selector: #product_attribute_2]
2024-06-24 16:06:72 INFO  BuildYourOwnComputerPage :73 - select hdd[[[ChromeDriver: chrome on windows (933885f9511f00f356856e502ee07775)] -> name: product_attribute_3], [[ChromeDriver: chrome on windows (933885f9511f00f356856e502ee07775)] -> name: product_attribute_3]]
2024-06-24 16:06:124 INFO  BuildYourOwnComputerPage :87 - select os[[[ChromeDriver: chrome on windows (933885f9511f00f356856e502ee07775)] -> name: product_attribute_4], [[ChromeDriver: chrome on windows (933885f9511f00f356856e502ee07775)] -> name: product_attribute_4]]
2024-06-24 16:06:174 INFO  BuildYourOwnComputerPage :104 - select checkBox[[[ChromeDriver: chrome on windows (933885f9511f00f356856e502ee07775)] -> name: product_attribute_5], [[ChromeDriver: chrome on windows (933885f9511f00f356856e502ee07775)] -> name: product_attribute_5], [[ChromeDriver: chrome on windows (933885f9511f00f356856e502ee07775)] -> name: product_attribute_5]]
2024-06-24 16:06:221 INFO  BuildYourOwnComputerPage :108 - Clicking on logout link[[ChromeDriver: chrome on windows (933885f9511f00f356856e502ee07775)] -> css selector: #add-to-cart-button-1]
2024-06-24 16:06:509 INFO  BuildYourOwnComputerPage :114 - Get product successfully added text[[ChromeDriver: chrome on windows (933885f9511f00f356856e502ee07775)] -> xpath: //p[@class='content']]
2024-06-24 16:06:634 INFO  ComputerPage :42 - Clicking on logout link[[ChromeDriver: chrome on windows (9ff72f0b2100505471dd1a6d1c5b368d)] -> xpath: //ul[@class='top-menu notmobile']//a[normalize-space()='Desktops']]
2024-06-24 16:06:345 INFO  DesktopPage :44 - Clicking on logout link[[ChromeDriver: chrome on windows (9ff72f0b2100505471dd1a6d1c5b368d)] -> xpath: //body/div[6]/div[3]/div[1]/div[3]/div[1]/div[2]/div[2]/div[2]/div[1]/div[1]/div[1]/div[1]/div[1]/a[1]/img[1]]
2024-06-24 16:06:417 INFO  BuildYourOwnComputerPage :54 - Select processor : [[ChromeDriver: chrome on windows (9ff72f0b2100505471dd1a6d1c5b368d)] -> css selector: #product_attribute_1]
2024-06-24 16:06:507 INFO  BuildYourOwnComputerPage :59 - select ram[[ChromeDriver: chrome on windows (9ff72f0b2100505471dd1a6d1c5b368d)] -> css selector: #product_attribute_2]
2024-06-24 16:06:574 INFO  BuildYourOwnComputerPage :73 - select hdd[[[ChromeDriver: chrome on windows (9ff72f0b2100505471dd1a6d1c5b368d)] -> name: product_attribute_3], [[ChromeDriver: chrome on windows (9ff72f0b2100505471dd1a6d1c5b368d)] -> name: product_attribute_3]]
2024-06-24 16:06:636 INFO  BuildYourOwnComputerPage :87 - select os[[[ChromeDriver: chrome on windows (9ff72f0b2100505471dd1a6d1c5b368d)] -> name: product_attribute_4], [[ChromeDriver: chrome on windows (9ff72f0b2100505471dd1a6d1c5b368d)] -> name: product_attribute_4]]
2024-06-24 16:06:686 INFO  BuildYourOwnComputerPage :104 - select checkBox[[[ChromeDriver: chrome on windows (9ff72f0b2100505471dd1a6d1c5b368d)] -> name: product_attribute_5], [[ChromeDriver: chrome on windows (9ff72f0b2100505471dd1a6d1c5b368d)] -> name: product_attribute_5], [[ChromeDriver: chrome on windows (9ff72f0b2100505471dd1a6d1c5b368d)] -> name: product_attribute_5]]
2024-06-24 16:06:749 INFO  BuildYourOwnComputerPage :108 - Clicking on logout link[[ChromeDriver: chrome on windows (9ff72f0b2100505471dd1a6d1c5b368d)] -> css selector: #add-to-cart-button-1]
2024-06-24 16:06:161 INFO  BuildYourOwnComputerPage :114 - Get product successfully added text[[ChromeDriver: chrome on windows (9ff72f0b2100505471dd1a6d1c5b368d)] -> xpath: //p[@class='content']]
2024-06-24 16:06:726 INFO  ComputerPage :42 - Clicking on logout link[[ChromeDriver: chrome on windows (4176819b6fee8e7615693d27e92bf4a9)] -> xpath: //ul[@class='top-menu notmobile']//a[normalize-space()='Desktops']]
2024-06-24 16:06:298 INFO  DesktopPage :44 - Clicking on logout link[[ChromeDriver: chrome on windows (4176819b6fee8e7615693d27e92bf4a9)] -> xpath: //body/div[6]/div[3]/div[1]/div[3]/div[1]/div[2]/div[2]/div[2]/div[1]/div[1]/div[1]/div[1]/div[1]/a[1]/img[1]]
2024-06-24 16:06:384 INFO  BuildYourOwnComputerPage :54 - Select processor : [[ChromeDriver: chrome on windows (4176819b6fee8e7615693d27e92bf4a9)] -> css selector: #product_attribute_1]
2024-06-24 16:06:470 INFO  BuildYourOwnComputerPage :59 - select ram[[ChromeDriver: chrome on windows (4176819b6fee8e7615693d27e92bf4a9)] -> css selector: #product_attribute_2]
2024-06-24 16:06:538 INFO  BuildYourOwnComputerPage :73 - select hdd[[[ChromeDriver: chrome on windows (4176819b6fee8e7615693d27e92bf4a9)] -> name: product_attribute_3], [[ChromeDriver: chrome on windows (4176819b6fee8e7615693d27e92bf4a9)] -> name: product_attribute_3]]
2024-06-24 16:06:592 INFO  BuildYourOwnComputerPage :87 - select os[[[ChromeDriver: chrome on windows (4176819b6fee8e7615693d27e92bf4a9)] -> name: product_attribute_4], [[ChromeDriver: chrome on windows (4176819b6fee8e7615693d27e92bf4a9)] -> name: product_attribute_4]]
2024-06-24 16:06:639 INFO  BuildYourOwnComputerPage :104 - select checkBox[[[ChromeDriver: chrome on windows (4176819b6fee8e7615693d27e92bf4a9)] -> name: product_attribute_5], [[ChromeDriver: chrome on windows (4176819b6fee8e7615693d27e92bf4a9)] -> name: product_attribute_5], [[ChromeDriver: chrome on windows (4176819b6fee8e7615693d27e92bf4a9)] -> name: product_attribute_5]]
2024-06-24 16:06:687 INFO  BuildYourOwnComputerPage :108 - Clicking on logout link[[ChromeDriver: chrome on windows (4176819b6fee8e7615693d27e92bf4a9)] -> css selector: #add-to-cart-button-1]
2024-06-24 16:06:980 INFO  BuildYourOwnComputerPage :114 - Get product successfully added text[[ChromeDriver: chrome on windows (4176819b6fee8e7615693d27e92bf4a9)] -> xpath: //p[@class='content']]
2024-06-24 16:06:948 INFO  HomePage :69 - Clicking on menu tab : [[[ChromeDriver: chrome on windows (add52ee92e5e9dda510eefcf303f054a)] -> xpath: //div[@class='header-menu']/child::ul[1]/li/a], [[ChromeDriver: chrome on windows (add52ee92e5e9dda510eefcf303f054a)] -> xpath: //div[@class='header-menu']/child::ul[1]/li/a], [[ChromeDriver: chrome on windows (add52ee92e5e9dda510eefcf303f054a)] -> xpath: //div[@class='header-menu']/child::ul[1]/li/a], [[ChromeDriver: chrome on windows (add52ee92e5e9dda510eefcf303f054a)] -> xpath: //div[@class='header-menu']/child::ul[1]/li/a], [[ChromeDriver: chrome on windows (add52ee92e5e9dda510eefcf303f054a)] -> xpath: //div[@class='header-menu']/child::ul[1]/li/a], [[ChromeDriver: chrome on windows (add52ee92e5e9dda510eefcf303f054a)] -> xpath: //div[@class='header-menu']/child::ul[1]/li/a], [[ChromeDriver: chrome on windows (add52ee92e5e9dda510eefcf303f054a)] -> xpath: //div[@class='header-menu']/child::ul[1]/li/a]]
2024-06-24 16:06:163 INFO  ComputerPage :35 - Get computer text[[ChromeDriver: chrome on windows (add52ee92e5e9dda510eefcf303f054a)] -> xpath: //h1]
2024-06-24 16:06:944 INFO  ComputerPage :42 - Clicking on logout link[[ChromeDriver: chrome on windows (04544f746e08059dbe95677db924b8f5)] -> xpath: //ul[@class='top-menu notmobile']//a[normalize-space()='Desktops']]
2024-06-24 16:06:46 INFO  DesktopPage :38 - Get desktop text[[ChromeDriver: chrome on windows (04544f746e08059dbe95677db924b8f5)] -> xpath: //h1]
2024-06-24 16:06:887 INFO  ComputerPage :42 - Clicking on logout link[[ChromeDriver: chrome on windows (40141b0641d968d5adf9b472f899637e)] -> xpath: //ul[@class='top-menu notmobile']//a[normalize-space()='Desktops']]
2024-06-24 16:06:960 INFO  DesktopPage :44 - Clicking on logout link[[ChromeDriver: chrome on windows (40141b0641d968d5adf9b472f899637e)] -> xpath: //body/div[6]/div[3]/div[1]/div[3]/div[1]/div[2]/div[2]/div[2]/div[1]/div[1]/div[1]/div[1]/div[1]/a[1]/img[1]]
2024-06-24 16:06:351 INFO  BuildYourOwnComputerPage :54 - Select processor : [[ChromeDriver: chrome on windows (40141b0641d968d5adf9b472f899637e)] -> css selector: #product_attribute_1]
2024-06-24 16:06:574 INFO  BuildYourOwnComputerPage :59 - select ram[[ChromeDriver: chrome on windows (40141b0641d968d5adf9b472f899637e)] -> css selector: #product_attribute_2]
2024-06-24 16:06:717 INFO  BuildYourOwnComputerPage :73 - select hdd[[[ChromeDriver: chrome on windows (40141b0641d968d5adf9b472f899637e)] -> name: product_attribute_3], [[ChromeDriver: chrome on windows (40141b0641d968d5adf9b472f899637e)] -> name: product_attribute_3]]
2024-06-24 16:06:825 INFO  BuildYourOwnComputerPage :87 - select os[[[ChromeDriver: chrome on windows (40141b0641d968d5adf9b472f899637e)] -> name: product_attribute_4], [[ChromeDriver: chrome on windows (40141b0641d968d5adf9b472f899637e)] -> name: product_attribute_4]]
2024-06-24 16:06:947 INFO  BuildYourOwnComputerPage :104 - select checkBox[[[ChromeDriver: chrome on windows (40141b0641d968d5adf9b472f899637e)] -> name: product_attribute_5], [[ChromeDriver: chrome on windows (40141b0641d968d5adf9b472f899637e)] -> name: product_attribute_5], [[ChromeDriver: chrome on windows (40141b0641d968d5adf9b472f899637e)] -> name: product_attribute_5]]
2024-06-24 16:06:59 INFO  BuildYourOwnComputerPage :108 - Clicking on logout link[[ChromeDriver: chrome on windows (40141b0641d968d5adf9b472f899637e)] -> css selector: #add-to-cart-button-1]
2024-06-24 16:06:414 INFO  BuildYourOwnComputerPage :114 - Get product successfully added text[[ChromeDriver: chrome on windows (40141b0641d968d5adf9b472f899637e)] -> xpath: //p[@class='content']]
2024-06-24 16:06:993 INFO  ComputerPage :42 - Clicking on logout link[[ChromeDriver: chrome on windows (0b90d10ddcdb8e7ee77c560894d53d9f)] -> xpath: //ul[@class='top-menu notmobile']//a[normalize-space()='Desktops']]
2024-06-24 16:06:810 INFO  DesktopPage :44 - Clicking on logout link[[ChromeDriver: chrome on windows (0b90d10ddcdb8e7ee77c560894d53d9f)] -> xpath: //body/div[6]/div[3]/div[1]/div[3]/div[1]/div[2]/div[2]/div[2]/div[1]/div[1]/div[1]/div[1]/div[1]/a[1]/img[1]]
2024-06-24 16:06:44 INFO  BuildYourOwnComputerPage :54 - Select processor : [[ChromeDriver: chrome on windows (0b90d10ddcdb8e7ee77c560894d53d9f)] -> css selector: #product_attribute_1]
2024-06-24 16:06:296 INFO  BuildYourOwnComputerPage :59 - select ram[[ChromeDriver: chrome on windows (0b90d10ddcdb8e7ee77c560894d53d9f)] -> css selector: #product_attribute_2]
2024-06-24 16:06:436 INFO  BuildYourOwnComputerPage :73 - select hdd[[[ChromeDriver: chrome on windows (0b90d10ddcdb8e7ee77c560894d53d9f)] -> name: product_attribute_3], [[ChromeDriver: chrome on windows (0b90d10ddcdb8e7ee77c560894d53d9f)] -> name: product_attribute_3]]
2024-06-24 16:06:572 INFO  BuildYourOwnComputerPage :87 - select os[[[ChromeDriver: chrome on windows (0b90d10ddcdb8e7ee77c560894d53d9f)] -> name: product_attribute_4], [[ChromeDriver: chrome on windows (0b90d10ddcdb8e7ee77c560894d53d9f)] -> name: product_attribute_4]]
2024-06-24 16:06:674 INFO  BuildYourOwnComputerPage :104 - select checkBox[[[ChromeDriver: chrome on windows (0b90d10ddcdb8e7ee77c560894d53d9f)] -> name: product_attribute_5], [[ChromeDriver: chrome on windows (0b90d10ddcdb8e7ee77c560894d53d9f)] -> name: product_attribute_5], [[ChromeDriver: chrome on windows (0b90d10ddcdb8e7ee77c560894d53d9f)] -> name: product_attribute_5]]
2024-06-24 16:06:793 INFO  BuildYourOwnComputerPage :108 - Clicking on logout link[[ChromeDriver: chrome on windows (0b90d10ddcdb8e7ee77c560894d53d9f)] -> css selector: #add-to-cart-button-1]
2024-06-24 16:06:210 INFO  BuildYourOwnComputerPage :114 - Get product successfully added text[[ChromeDriver: chrome on windows (0b90d10ddcdb8e7ee77c560894d53d9f)] -> xpath: //p[@class='content']]
2024-06-24 16:06:898 INFO  ComputerPage :42 - Clicking on logout link[[ChromeDriver: chrome on windows (cdb6b56cc514df0e5254cf354d605580)] -> xpath: //ul[@class='top-menu notmobile']//a[normalize-space()='Desktops']]
2024-06-24 16:06:830 INFO  DesktopPage :44 - Clicking on logout link[[ChromeDriver: chrome on windows (cdb6b56cc514df0e5254cf354d605580)] -> xpath: //body/div[6]/div[3]/div[1]/div[3]/div[1]/div[2]/div[2]/div[2]/div[1]/div[1]/div[1]/div[1]/div[1]/a[1]/img[1]]
2024-06-24 16:06:200 INFO  BuildYourOwnComputerPage :54 - Select processor : [[ChromeDriver: chrome on windows (cdb6b56cc514df0e5254cf354d605580)] -> css selector: #product_attribute_1]
2024-06-24 16:06:606 INFO  BuildYourOwnComputerPage :59 - select ram[[ChromeDriver: chrome on windows (cdb6b56cc514df0e5254cf354d605580)] -> css selector: #product_attribute_2]
2024-06-24 16:06:812 INFO  BuildYourOwnComputerPage :73 - select hdd[[[ChromeDriver: chrome on windows (cdb6b56cc514df0e5254cf354d605580)] -> name: product_attribute_3], [[ChromeDriver: chrome on windows (cdb6b56cc514df0e5254cf354d605580)] -> name: product_attribute_3]]
2024-06-24 16:06:23 INFO  BuildYourOwnComputerPage :87 - select os[[[ChromeDriver: chrome on windows (cdb6b56cc514df0e5254cf354d605580)] -> name: product_attribute_4], [[ChromeDriver: chrome on windows (cdb6b56cc514df0e5254cf354d605580)] -> name: product_attribute_4]]
2024-06-24 16:06:222 INFO  BuildYourOwnComputerPage :104 - select checkBox[[[ChromeDriver: chrome on windows (cdb6b56cc514df0e5254cf354d605580)] -> name: product_attribute_5], [[ChromeDriver: chrome on windows (cdb6b56cc514df0e5254cf354d605580)] -> name: product_attribute_5], [[ChromeDriver: chrome on windows (cdb6b56cc514df0e5254cf354d605580)] -> name: product_attribute_5]]
2024-06-24 16:06:395 INFO  BuildYourOwnComputerPage :108 - Clicking on logout link[[ChromeDriver: chrome on windows (cdb6b56cc514df0e5254cf354d605580)] -> css selector: #add-to-cart-button-1]
2024-06-24 16:06:792 INFO  BuildYourOwnComputerPage :114 - Get product successfully added text[[ChromeDriver: chrome on windows (cdb6b56cc514df0e5254cf354d605580)] -> xpath: //p[@class='content']]
2024-06-24 16:06:136 INFO  HomePage :57 - Clicking on login link : [[ChromeDriver: chrome on windows (e82ed67a9f504c7ba24eb981f7b1f641)] -> link text: Log in]
2024-06-24 16:06:237 INFO  LoginPage :39 - Getting text from : [[ChromeDriver: chrome on windows (e82ed67a9f504c7ba24eb981f7b1f641)] -> xpath: //h1[contains(text(),'Welcome, Please Sign In!')]]
2024-06-24 16:06:414 INFO  HomePage :57 - Clicking on login link : [[ChromeDriver: chrome on windows (67391d146333dcdb6638300cb98e8320)] -> link text: Log in]
2024-06-24 16:06:711 INFO  LoginPage :45 - Enter email : [[ChromeDriver: chrome on windows (67391d146333dcdb6638300cb98e8320)] -> id: Email]
2024-06-24 16:06:895 INFO  LoginPage :50 - Enter password : [[ChromeDriver: chrome on windows (67391d146333dcdb6638300cb98e8320)] -> name: Password]
2024-06-24 16:06:426 INFO  LoginPage :55 - Click on login button : [[ChromeDriver: chrome on windows (67391d146333dcdb6638300cb98e8320)] -> xpath: //button[contains(text(),'Log in')]]
2024-06-24 16:06:481 INFO  LoginPage :59 - Getting error message : [[ChromeDriver: chrome on windows (67391d146333dcdb6638300cb98e8320)] -> xpath: //div[@class='message-error validation-summary-errors']]
2024-06-24 16:06:150 INFO  HomePage :57 - Clicking on login link : [[ChromeDriver: chrome on windows (b68ec42ddea7dfe29595c5e749799481)] -> link text: Log in]
2024-06-24 16:06:585 INFO  LoginPage :45 - Enter email : [[ChromeDriver: chrome on windows (b68ec42ddea7dfe29595c5e749799481)] -> id: Email]
2024-06-24 16:06:833 INFO  LoginPage :50 - Enter password : [[ChromeDriver: chrome on windows (b68ec42ddea7dfe29595c5e749799481)] -> name: Password]
2024-06-24 16:06:332 INFO  LoginPage :55 - Click on login button : [[ChromeDriver: chrome on windows (b68ec42ddea7dfe29595c5e749799481)] -> xpath: //button[contains(text(),'Log in')]]
2024-06-24 16:06:740 INFO  HomePage :57 - Clicking on login link : [[ChromeDriver: chrome on windows (e017354fe71583a20f40660ff7e71d11)] -> link text: Log in]
2024-06-24 16:06:207 INFO  LoginPage :45 - Enter email : [[ChromeDriver: chrome on windows (e017354fe71583a20f40660ff7e71d11)] -> id: Email]
2024-06-24 16:06:458 INFO  LoginPage :50 - Enter password : [[ChromeDriver: chrome on windows (e017354fe71583a20f40660ff7e71d11)] -> name: Password]
2024-06-24 16:06:948 INFO  LoginPage :55 - Click on login button : [[ChromeDriver: chrome on windows (e017354fe71583a20f40660ff7e71d11)] -> xpath: //button[contains(text(),'Log in')]]
2024-06-24 16:06:609 INFO  HomePage :62 - Clicking on register link : [[ChromeDriver: chrome on windows (e437c2d32c5f8cbc1f3f3e272d1df31c)] -> xpath: //a[contains(text(),'Register')]]
2024-06-24 16:06:760 INFO  RegisterPage :182 - Get register text[[ChromeDriver: chrome on windows (e437c2d32c5f8cbc1f3f3e272d1df31c)] -> xpath: //h1[contains(text(),'Register')]]
2024-06-24 16:06:967 INFO  HomePage :62 - Clicking on register link : [[ChromeDriver: chrome on windows (d70e9e8ea5b817043c7d495c55bce0ca)] -> xpath: //a[contains(text(),'Register')]]
2024-06-24 16:06:266 INFO  RegisterPage :148 - Clicking on register link[[ChromeDriver: chrome on windows (d70e9e8ea5b817043c7d495c55bce0ca)] -> xpath: //button[@id='register-button']]
2024-06-24 16:06:352 INFO  RegisterPage :154 - Get first name required text display[[ChromeDriver: chrome on windows (d70e9e8ea5b817043c7d495c55bce0ca)] -> id: FirstName-error]
2024-06-24 16:06:401 INFO  RegisterPage :161 - Get last name required text display[[ChromeDriver: chrome on windows (d70e9e8ea5b817043c7d495c55bce0ca)] -> id: LastName-error]
2024-06-24 16:06:462 INFO  RegisterPage :168 - Get Email required text display[[ChromeDriver: chrome on windows (d70e9e8ea5b817043c7d495c55bce0ca)] -> id: Email-error]
2024-06-24 16:06:517 INFO  RegisterPage :175 - Get password required text display[[ChromeDriver: chrome on windows (d70e9e8ea5b817043c7d495c55bce0ca)] -> id: ConfirmPassword-error]
2024-06-24 16:06:533 INFO  HomePage :62 - Clicking on register link : [[ChromeDriver: chrome on windows (d96d2842ce294a334f3ce421bc7f4223)] -> xpath: //a[contains(text(),'Register')]]
2024-06-24 16:06:807 INFO  RegisterPage :141 - Clicking on female radio button[[ChromeDriver: chrome on windows (d96d2842ce294a334f3ce421bc7f4223)] -> id: gender-female]
2024-06-24 16:06:138 INFO  RegisterPage :128 - Enter First Name [[ChromeDriver: chrome on windows (d96d2842ce294a334f3ce421bc7f4223)] -> id: FirstName]
2024-06-24 16:06:337 INFO  RegisterPage :134 - Enter Last Name [[ChromeDriver: chrome on windows (d96d2842ce294a334f3ce421bc7f4223)] -> id: LastName]
2024-06-24 16:06:485 INFO  RegisterPage :110 - Enter date [[ChromeDriver: chrome on windows (d96d2842ce294a334f3ce421bc7f4223)] -> name: DateOfBirthDay]
2024-06-24 16:06:617 INFO  RegisterPage :116 - Enter month [[ChromeDriver: chrome on windows (d96d2842ce294a334f3ce421bc7f4223)] -> name: DateOfBirthMonth]
2024-06-24 16:06:762 INFO  RegisterPage :122 - Enter year [[ChromeDriver: chrome on windows (d96d2842ce294a334f3ce421bc7f4223)] -> name: DateOfBirthYear]
2024-06-24 16:06:80 INFO  RegisterPage :92 - Enter emailId [[ChromeDriver: chrome on windows (d96d2842ce294a334f3ce421bc7f4223)] -> id: Email]
2024-06-24 16:06:273 INFO  RegisterPage :98 - Enter password [[ChromeDriver: chrome on windows (d96d2842ce294a334f3ce421bc7f4223)] -> id: Password]
2024-06-24 16:06:487 INFO  RegisterPage :104 - Enter confirm password [[ChromeDriver: chrome on windows (d96d2842ce294a334f3ce421bc7f4223)] -> id: ConfirmPassword]
2024-06-24 16:06:259 INFO  RegisterPage :148 - Clicking on register link[[ChromeDriver: chrome on windows (d96d2842ce294a334f3ce421bc7f4223)] -> xpath: //button[@id='register-button']]
2024-06-24 16:06:355 INFO  RegisterPage :85 - Registration complete text display[[ChromeDriver: chrome on windows (d96d2842ce294a334f3ce421bc7f4223)] -> xpath: //div[@class = 'result']]
2024-06-24 16:06:457 INFO  HomePage :57 - Clicking on login link : [[ChromeDriver: chrome on windows (66ad202730a06f5f83e20af09a7ef0ae)] -> link text: Log in]
2024-06-24 16:06:707 INFO  LoginPage :45 - Enter email : [[ChromeDriver: chrome on windows (66ad202730a06f5f83e20af09a7ef0ae)] -> id: Email]
2024-06-24 16:06:835 INFO  LoginPage :50 - Enter password : [[ChromeDriver: chrome on windows (66ad202730a06f5f83e20af09a7ef0ae)] -> name: Password]
2024-06-24 16:06:567 INFO  LoginPage :55 - Click on login button : [[ChromeDriver: chrome on windows (66ad202730a06f5f83e20af09a7ef0ae)] -> xpath: //button[contains(text(),'Log in')]]
2024-06-24 16:06:651 INFO  HomePage :45 - Get logout link[[ChromeDriver: chrome on windows (66ad202730a06f5f83e20af09a7ef0ae)] -> link text: Log out]
2024-06-24 16:06:506 INFO  HomePage :57 - Clicking on login link : [[ChromeDriver: chrome on windows (85fe534a11204b16cbae3e1c00578950)] -> link text: Log in]
2024-06-24 16:06:736 INFO  LoginPage :45 - Enter email : [[ChromeDriver: chrome on windows (85fe534a11204b16cbae3e1c00578950)] -> id: Email]
2024-06-24 16:06:883 INFO  LoginPage :50 - Enter password : [[ChromeDriver: chrome on windows (85fe534a11204b16cbae3e1c00578950)] -> name: Password]
2024-06-24 16:06:559 INFO  LoginPage :55 - Click on login button : [[ChromeDriver: chrome on windows (85fe534a11204b16cbae3e1c00578950)] -> xpath: //button[contains(text(),'Log in')]]
2024-06-24 16:06:270 INFO  HomePage :76 - Clicking on logout link[[ChromeDriver: chrome on windows (85fe534a11204b16cbae3e1c00578950)] -> link text: Log out]
2024-06-24 17:06:360 INFO  HomePage :57 - Clicking on login link : [[ChromeDriver: chrome on windows (7d6c79d3a0f667c65c6be186ebbca7b9)] -> link text: Log in]
2024-06-24 17:06:529 INFO  LoginPage :45 - Enter email : [[ChromeDriver: chrome on windows (7d6c79d3a0f667c65c6be186ebbca7b9)] -> id: Email]
2024-06-24 17:06:647 INFO  LoginPage :50 - Enter password : [[ChromeDriver: chrome on windows (7d6c79d3a0f667c65c6be186ebbca7b9)] -> name: Password]
2024-06-24 17:06:32 INFO  LoginPage :55 - Click on login button : [[ChromeDriver: chrome on windows (7d6c79d3a0f667c65c6be186ebbca7b9)] -> xpath: //button[contains(text(),'Log in')]]
2024-06-24 17:06:63 INFO  LoginPage :59 - Getting error message : [[ChromeDriver: chrome on windows (7d6c79d3a0f667c65c6be186ebbca7b9)] -> xpath: //div[@class='message-error validation-summary-errors']]
2024-06-24 17:06:367 INFO  HomePage :57 - Clicking on login link : [[ChromeDriver: chrome on windows (1e50f9aafa26faabaa06179fe0def933)] -> link text: Log in]
2024-06-24 17:06:516 INFO  LoginPage :45 - Enter email : [[ChromeDriver: chrome on windows (1e50f9aafa26faabaa06179fe0def933)] -> id: Email]
2024-06-24 17:06:630 INFO  LoginPage :50 - Enter password : [[ChromeDriver: chrome on windows (1e50f9aafa26faabaa06179fe0def933)] -> name: Password]
2024-06-24 17:06:14 INFO  LoginPage :55 - Click on login button : [[ChromeDriver: chrome on windows (1e50f9aafa26faabaa06179fe0def933)] -> xpath: //button[contains(text(),'Log in')]]
2024-06-24 17:06:38 INFO  LoginPage :59 - Getting error message : [[ChromeDriver: chrome on windows (1e50f9aafa26faabaa06179fe0def933)] -> xpath: //div[@class='message-error validation-summary-errors']]
2024-06-24 17:06:878 INFO  HomePage :57 - Clicking on login link : [[ChromeDriver: chrome on windows (8819d52ce2bd42694e596e1f5a84d25e)] -> link text: Log in]
2024-06-24 17:06:39 INFO  LoginPage :45 - Enter email : [[ChromeDriver: chrome on windows (8819d52ce2bd42694e596e1f5a84d25e)] -> id: Email]
2024-06-24 17:06:186 INFO  LoginPage :50 - Enter password : [[ChromeDriver: chrome on windows (8819d52ce2bd42694e596e1f5a84d25e)] -> name: Password]
2024-06-24 17:06:564 INFO  LoginPage :55 - Click on login button : [[ChromeDriver: chrome on windows (8819d52ce2bd42694e596e1f5a84d25e)] -> xpath: //button[contains(text(),'Log in')]]
2024-06-24 17:06:600 INFO  LoginPage :59 - Getting error message : [[ChromeDriver: chrome on windows (8819d52ce2bd42694e596e1f5a84d25e)] -> xpath: //div[@class='message-error validation-summary-errors']]
2024-06-24 17:06:601 INFO  HomePage :57 - Clicking on login link : [[ChromeDriver: chrome on windows (57e0dc5db009b7dc8134f9df86e7d375)] -> link text: Log in]
2024-06-24 17:06:771 INFO  LoginPage :45 - Enter email : [[ChromeDriver: chrome on windows (57e0dc5db009b7dc8134f9df86e7d375)] -> id: Email]
2024-06-24 17:06:907 INFO  LoginPage :50 - Enter password : [[ChromeDriver: chrome on windows (57e0dc5db009b7dc8134f9df86e7d375)] -> name: Password]
2024-06-24 17:06:266 INFO  LoginPage :55 - Click on login button : [[ChromeDriver: chrome on windows (57e0dc5db009b7dc8134f9df86e7d375)] -> xpath: //button[contains(text(),'Log in')]]
2024-06-24 17:06:305 INFO  LoginPage :59 - Getting error message : [[ChromeDriver: chrome on windows (57e0dc5db009b7dc8134f9df86e7d375)] -> xpath: //div[@class='message-error validation-summary-errors']]
2024-06-24 17:06:420 INFO  HomePage :57 - Clicking on login link : [[ChromeDriver: chrome on windows (a51af3658452157c908a0b43c7a0799e)] -> link text: Log in]
2024-06-24 17:06:573 INFO  LoginPage :45 - Enter email : [[ChromeDriver: chrome on windows (a51af3658452157c908a0b43c7a0799e)] -> id: Email]
2024-06-24 17:06:678 INFO  LoginPage :50 - Enter password : [[ChromeDriver: chrome on windows (a51af3658452157c908a0b43c7a0799e)] -> name: Password]
2024-06-24 17:06:71 INFO  LoginPage :55 - Click on login button : [[ChromeDriver: chrome on windows (a51af3658452157c908a0b43c7a0799e)] -> xpath: //button[contains(text(),'Log in')]]
2024-06-24 17:06:108 INFO  LoginPage :59 - Getting error message : [[ChromeDriver: chrome on windows (a51af3658452157c908a0b43c7a0799e)] -> xpath: //div[@class='message-error validation-summary-errors']]
2024-06-24 17:06:297 INFO  HomePage :57 - Clicking on login link : [[ChromeDriver: chrome on windows (f4393751ccf66dd38b95c9581de99dbd)] -> link text: Log in]
2024-06-24 17:06:462 INFO  LoginPage :45 - Enter email : [[ChromeDriver: chrome on windows (f4393751ccf66dd38b95c9581de99dbd)] -> id: Email]
2024-06-24 17:06:594 INFO  LoginPage :50 - Enter password : [[ChromeDriver: chrome on windows (f4393751ccf66dd38b95c9581de99dbd)] -> name: Password]
2024-06-24 17:06:944 INFO  LoginPage :55 - Click on login button : [[ChromeDriver: chrome on windows (f4393751ccf66dd38b95c9581de99dbd)] -> xpath: //button[contains(text(),'Log in')]]
2024-06-24 17:06:46 INFO  LoginPage :59 - Getting error message : [[ChromeDriver: chrome on windows (f4393751ccf66dd38b95c9581de99dbd)] -> xpath: //div[@class='message-error validation-summary-errors']]
2024-06-24 17:06:966 INFO  HomePage :57 - Clicking on login link : [[ChromeDriver: chrome on windows (b4f41607da1f0b62db9f9427507e0893)] -> link text: Log in]
2024-06-24 17:06:127 INFO  LoginPage :45 - Enter email : [[ChromeDriver: chrome on windows (b4f41607da1f0b62db9f9427507e0893)] -> id: Email]
2024-06-24 17:06:257 INFO  LoginPage :50 - Enter password : [[ChromeDriver: chrome on windows (b4f41607da1f0b62db9f9427507e0893)] -> name: Password]
2024-06-24 17:06:669 INFO  LoginPage :55 - Click on login button : [[ChromeDriver: chrome on windows (b4f41607da1f0b62db9f9427507e0893)] -> xpath: //button[contains(text(),'Log in')]]
2024-06-24 17:06:526 INFO  HomePage :57 - Clicking on login link : [[ChromeDriver: chrome on windows (d1ed407858ca6b9e99467ad3d3ccca60)] -> link text: Log in]
2024-06-24 17:06:702 INFO  LoginPage :45 - Enter email : [[ChromeDriver: chrome on windows (d1ed407858ca6b9e99467ad3d3ccca60)] -> id: Email]
2024-06-24 17:06:808 INFO  LoginPage :50 - Enter password : [[ChromeDriver: chrome on windows (d1ed407858ca6b9e99467ad3d3ccca60)] -> name: Password]
2024-06-24 17:06:160 INFO  LoginPage :55 - Click on login button : [[ChromeDriver: chrome on windows (d1ed407858ca6b9e99467ad3d3ccca60)] -> xpath: //button[contains(text(),'Log in')]]
2024-06-24 17:06:276 INFO  HomePage :57 - Clicking on login link : [[ChromeDriver: chrome on windows (39561af0445c50feb1d69e63f74a16fd)] -> link text: Log in]
2024-06-24 17:06:524 INFO  LoginPage :45 - Enter email : [[ChromeDriver: chrome on windows (39561af0445c50feb1d69e63f74a16fd)] -> id: Email]
2024-06-24 17:06:684 INFO  LoginPage :50 - Enter password : [[ChromeDriver: chrome on windows (39561af0445c50feb1d69e63f74a16fd)] -> name: Password]
2024-06-24 17:06:97 INFO  LoginPage :55 - Click on login button : [[ChromeDriver: chrome on windows (39561af0445c50feb1d69e63f74a16fd)] -> xpath: //button[contains(text(),'Log in')]]
2024-06-24 17:06:568 INFO  HomePage :62 - Clicking on register link : [[ChromeDriver: chrome on windows (aa816955743c742af1c56f8719693700)] -> xpath: //a[contains(text(),'Register')]]
2024-06-24 17:06:672 INFO  RegisterPage :141 - Clicking on female radio button[[ChromeDriver: chrome on windows (aa816955743c742af1c56f8719693700)] -> id: gender-female]
2024-06-24 17:06:782 INFO  RegisterPage :128 - Enter First Name [[ChromeDriver: chrome on windows (aa816955743c742af1c56f8719693700)] -> id: FirstName]
2024-06-24 17:06:885 INFO  RegisterPage :134 - Enter Last Name [[ChromeDriver: chrome on windows (aa816955743c742af1c56f8719693700)] -> id: LastName]
2024-06-24 17:06:951 INFO  RegisterPage :110 - Enter date [[ChromeDriver: chrome on windows (aa816955743c742af1c56f8719693700)] -> name: DateOfBirthDay]
2024-06-24 17:06:28 INFO  RegisterPage :116 - Enter month [[ChromeDriver: chrome on windows (aa816955743c742af1c56f8719693700)] -> name: DateOfBirthMonth]
2024-06-24 17:06:100 INFO  RegisterPage :122 - Enter year [[ChromeDriver: chrome on windows (aa816955743c742af1c56f8719693700)] -> name: DateOfBirthYear]
2024-06-24 17:06:281 INFO  RegisterPage :92 - Enter emailId [[ChromeDriver: chrome on windows (aa816955743c742af1c56f8719693700)] -> id: Email]
2024-06-24 17:06:399 INFO  RegisterPage :98 - Enter password [[ChromeDriver: chrome on windows (aa816955743c742af1c56f8719693700)] -> id: Password]
2024-06-24 17:06:533 INFO  RegisterPage :104 - Enter confirm password [[ChromeDriver: chrome on windows (aa816955743c742af1c56f8719693700)] -> id: ConfirmPassword]
2024-06-24 17:06:80 INFO  RegisterPage :148 - Clicking on register link[[ChromeDriver: chrome on windows (aa816955743c742af1c56f8719693700)] -> xpath: //button[@id='register-button']]
2024-06-24 17:06:187 INFO  RegisterPage :85 - Registration complete text display[[ChromeDriver: chrome on windows (aa816955743c742af1c56f8719693700)] -> xpath: //div[@class = 'result']]
2024-06-24 17:06:968 INFO  HomePage :62 - Clicking on register link : [[ChromeDriver: chrome on windows (cd4a17d6401682ff7801f8f50fc79a2e)] -> xpath: //a[contains(text(),'Register')]]
2024-06-24 17:06:86 INFO  RegisterPage :141 - Clicking on female radio button[[ChromeDriver: chrome on windows (cd4a17d6401682ff7801f8f50fc79a2e)] -> id: gender-female]
2024-06-24 17:06:216 INFO  RegisterPage :128 - Enter First Name [[ChromeDriver: chrome on windows (cd4a17d6401682ff7801f8f50fc79a2e)] -> id: FirstName]
2024-06-24 17:06:321 INFO  RegisterPage :134 - Enter Last Name [[ChromeDriver: chrome on windows (cd4a17d6401682ff7801f8f50fc79a2e)] -> id: LastName]
2024-06-24 17:06:396 INFO  RegisterPage :110 - Enter date [[ChromeDriver: chrome on windows (cd4a17d6401682ff7801f8f50fc79a2e)] -> name: DateOfBirthDay]
2024-06-24 17:06:486 INFO  RegisterPage :116 - Enter month [[ChromeDriver: chrome on windows (cd4a17d6401682ff7801f8f50fc79a2e)] -> name: DateOfBirthMonth]
2024-06-24 17:06:570 INFO  RegisterPage :122 - Enter year [[ChromeDriver: chrome on windows (cd4a17d6401682ff7801f8f50fc79a2e)] -> name: DateOfBirthYear]
2024-06-24 17:06:792 INFO  RegisterPage :92 - Enter emailId 
2024-06-24 17:06:891 INFO  RegisterPage :98 - Enter password [[ChromeDriver: chrome on windows (cd4a17d6401682ff7801f8f50fc79a2e)] -> id: Password]
2024-06-24 17:06:991 INFO  RegisterPage :104 - Enter confirm password [[ChromeDriver: chrome on windows (cd4a17d6401682ff7801f8f50fc79a2e)] -> id: ConfirmPassword]
2024-06-24 17:06:546 INFO  RegisterPage :148 - Clicking on register link[[ChromeDriver: chrome on windows (cd4a17d6401682ff7801f8f50fc79a2e)] -> xpath: //button[@id='register-button']]
2024-06-24 17:06:646 INFO  RegisterPage :85 - Registration complete text display[[ChromeDriver: chrome on windows (cd4a17d6401682ff7801f8f50fc79a2e)] -> xpath: //div[@class = 'result']]
2024-06-24 17:06:991 INFO  HomePage :62 - Clicking on register link : [[ChromeDriver: chrome on windows (3487d9027cec20396a45d341700d5d00)] -> xpath: //a[contains(text(),'Register')]]
2024-06-24 17:06:95 INFO  RegisterPage :141 - Clicking on female radio button[[ChromeDriver: chrome on windows (3487d9027cec20396a45d341700d5d00)] -> id: gender-female]
2024-06-24 17:06:203 INFO  RegisterPage :128 - Enter First Name [[ChromeDriver: chrome on windows (3487d9027cec20396a45d341700d5d00)] -> id: FirstName]
2024-06-24 17:06:294 INFO  RegisterPage :134 - Enter Last Name [[ChromeDriver: chrome on windows (3487d9027cec20396a45d341700d5d00)] -> id: LastName]
2024-06-24 17:06:365 INFO  RegisterPage :110 - Enter date [[ChromeDriver: chrome on windows (3487d9027cec20396a45d341700d5d00)] -> name: DateOfBirthDay]
2024-06-24 17:06:432 INFO  RegisterPage :116 - Enter month [[ChromeDriver: chrome on windows (3487d9027cec20396a45d341700d5d00)] -> name: DateOfBirthMonth]
2024-06-24 17:06:498 INFO  RegisterPage :122 - Enter year [[ChromeDriver: chrome on windows (3487d9027cec20396a45d341700d5d00)] -> name: DateOfBirthYear]
2024-06-24 17:06:649 INFO  RegisterPage :92 - Enter emailId sanganipriyankaWq9Jdd@gmail.com
2024-06-24 17:06:764 INFO  RegisterPage :98 - Enter password [[ChromeDriver: chrome on windows (3487d9027cec20396a45d341700d5d00)] -> id: Password]
2024-06-24 17:06:896 INFO  RegisterPage :104 - Enter confirm password [[ChromeDriver: chrome on windows (3487d9027cec20396a45d341700d5d00)] -> id: ConfirmPassword]
2024-06-24 17:06:530 INFO  RegisterPage :148 - Clicking on register link[[ChromeDriver: chrome on windows (3487d9027cec20396a45d341700d5d00)] -> xpath: //button[@id='register-button']]
2024-06-24 17:06:578 INFO  RegisterPage :85 - Registration complete text display[[ChromeDriver: chrome on windows (3487d9027cec20396a45d341700d5d00)] -> xpath: //div[@class = 'result']]
2024-06-24 17:06:521 INFO  HomePage :69 - Clicking on menu tab : [[[ChromeDriver: chrome on windows (cb8f44dff566cc2af18b3ffd607a92a1)] -> xpath: //div[@class='header-menu']/child::ul[1]/li/a], [[ChromeDriver: chrome on windows (cb8f44dff566cc2af18b3ffd607a92a1)] -> xpath: //div[@class='header-menu']/child::ul[1]/li/a], [[ChromeDriver: chrome on windows (cb8f44dff566cc2af18b3ffd607a92a1)] -> xpath: //div[@class='header-menu']/child::ul[1]/li/a], [[ChromeDriver: chrome on windows (cb8f44dff566cc2af18b3ffd607a92a1)] -> xpath: //div[@class='header-menu']/child::ul[1]/li/a], [[ChromeDriver: chrome on windows (cb8f44dff566cc2af18b3ffd607a92a1)] -> xpath: //div[@class='header-menu']/child::ul[1]/li/a], [[ChromeDriver: chrome on windows (cb8f44dff566cc2af18b3ffd607a92a1)] -> xpath: //div[@class='header-menu']/child::ul[1]/li/a], [[ChromeDriver: chrome on windows (cb8f44dff566cc2af18b3ffd607a92a1)] -> xpath: //div[@class='header-menu']/child::ul[1]/li/a]]
2024-06-24 17:06:595 INFO  ComputerPage :35 - Get computer text[[ChromeDriver: chrome on windows (cb8f44dff566cc2af18b3ffd607a92a1)] -> xpath: //h1]
2024-06-24 17:06:296 INFO  ComputerPage :42 - Clicking on logout link[[ChromeDriver: chrome on windows (0227854d74489b54f02900ba648c99a1)] -> xpath: //ul[@class='top-menu notmobile']//a[normalize-space()='Desktops']]
2024-06-24 17:06:396 INFO  DesktopPage :38 - Get desktop text[[ChromeDriver: chrome on windows (0227854d74489b54f02900ba648c99a1)] -> xpath: //h1]
2024-06-24 17:06:367 INFO  ComputerPage :42 - Clicking on logout link[[ChromeDriver: chrome on windows (4586f19a20f221f9b4c7a1dcd09b2589)] -> xpath: //ul[@class='top-menu notmobile']//a[normalize-space()='Desktops']]
2024-06-24 17:06:522 INFO  DesktopPage :44 - Clicking on logout link[[ChromeDriver: chrome on windows (4586f19a20f221f9b4c7a1dcd09b2589)] -> xpath: //body/div[6]/div[3]/div[1]/div[3]/div[1]/div[2]/div[2]/div[2]/div[1]/div[1]/div[1]/div[1]/div[1]/a[1]/img[1]]
2024-06-24 17:06:716 INFO  BuildYourOwnComputerPage :54 - Select processor : [[ChromeDriver: chrome on windows (4586f19a20f221f9b4c7a1dcd09b2589)] -> css selector: #product_attribute_1]
2024-06-24 17:06:902 INFO  BuildYourOwnComputerPage :59 - select ram[[ChromeDriver: chrome on windows (4586f19a20f221f9b4c7a1dcd09b2589)] -> css selector: #product_attribute_2]
2024-06-24 17:06:00 INFO  BuildYourOwnComputerPage :73 - select hdd[[[ChromeDriver: chrome on windows (4586f19a20f221f9b4c7a1dcd09b2589)] -> name: product_attribute_3], [[ChromeDriver: chrome on windows (4586f19a20f221f9b4c7a1dcd09b2589)] -> name: product_attribute_3]]
2024-06-24 17:06:92 INFO  BuildYourOwnComputerPage :87 - select os[[[ChromeDriver: chrome on windows (4586f19a20f221f9b4c7a1dcd09b2589)] -> name: product_attribute_4], [[ChromeDriver: chrome on windows (4586f19a20f221f9b4c7a1dcd09b2589)] -> name: product_attribute_4]]
2024-06-24 17:06:175 INFO  BuildYourOwnComputerPage :104 - select checkBox[[[ChromeDriver: chrome on windows (4586f19a20f221f9b4c7a1dcd09b2589)] -> name: product_attribute_5], [[ChromeDriver: chrome on windows (4586f19a20f221f9b4c7a1dcd09b2589)] -> name: product_attribute_5], [[ChromeDriver: chrome on windows (4586f19a20f221f9b4c7a1dcd09b2589)] -> name: product_attribute_5]]
2024-06-24 17:06:256 INFO  BuildYourOwnComputerPage :108 - Clicking on logout link[[ChromeDriver: chrome on windows (4586f19a20f221f9b4c7a1dcd09b2589)] -> css selector: #add-to-cart-button-1]
2024-06-24 17:06:602 INFO  BuildYourOwnComputerPage :114 - Get product successfully added text[[ChromeDriver: chrome on windows (4586f19a20f221f9b4c7a1dcd09b2589)] -> xpath: //p[@class='content']]
2024-06-24 17:06:655 INFO  ComputerPage :42 - Clicking on logout link[[ChromeDriver: chrome on windows (1e6f17caf618c03c71281641ea442b2b)] -> xpath: //ul[@class='top-menu notmobile']//a[normalize-space()='Desktops']]
2024-06-24 17:06:190 INFO  DesktopPage :44 - Clicking on logout link[[ChromeDriver: chrome on windows (1e6f17caf618c03c71281641ea442b2b)] -> xpath: //body/div[6]/div[3]/div[1]/div[3]/div[1]/div[2]/div[2]/div[2]/div[1]/div[1]/div[1]/div[1]/div[1]/a[1]/img[1]]
2024-06-24 17:06:297 INFO  BuildYourOwnComputerPage :54 - Select processor : [[ChromeDriver: chrome on windows (1e6f17caf618c03c71281641ea442b2b)] -> css selector: #product_attribute_1]
2024-06-24 17:06:451 INFO  BuildYourOwnComputerPage :59 - select ram[[ChromeDriver: chrome on windows (1e6f17caf618c03c71281641ea442b2b)] -> css selector: #product_attribute_2]
2024-06-24 17:06:542 INFO  BuildYourOwnComputerPage :73 - select hdd[[[ChromeDriver: chrome on windows (1e6f17caf618c03c71281641ea442b2b)] -> name: product_attribute_3], [[ChromeDriver: chrome on windows (1e6f17caf618c03c71281641ea442b2b)] -> name: product_attribute_3]]
2024-06-24 17:06:615 INFO  BuildYourOwnComputerPage :87 - select os[[[ChromeDriver: chrome on windows (1e6f17caf618c03c71281641ea442b2b)] -> name: product_attribute_4], [[ChromeDriver: chrome on windows (1e6f17caf618c03c71281641ea442b2b)] -> name: product_attribute_4]]
2024-06-24 17:06:703 INFO  BuildYourOwnComputerPage :104 - select checkBox[[[ChromeDriver: chrome on windows (1e6f17caf618c03c71281641ea442b2b)] -> name: product_attribute_5], [[ChromeDriver: chrome on windows (1e6f17caf618c03c71281641ea442b2b)] -> name: product_attribute_5], [[ChromeDriver: chrome on windows (1e6f17caf618c03c71281641ea442b2b)] -> name: product_attribute_5]]
2024-06-24 17:06:788 INFO  BuildYourOwnComputerPage :108 - Clicking on logout link[[ChromeDriver: chrome on windows (1e6f17caf618c03c71281641ea442b2b)] -> css selector: #add-to-cart-button-1]
2024-06-24 17:06:138 INFO  BuildYourOwnComputerPage :114 - Get product successfully added text[[ChromeDriver: chrome on windows (1e6f17caf618c03c71281641ea442b2b)] -> xpath: //p[@class='content']]
2024-06-24 17:06:747 INFO  ComputerPage :42 - Clicking on logout link[[ChromeDriver: chrome on windows (f2a0b8078410d8164a1b5b3b6daa2d5d)] -> xpath: //ul[@class='top-menu notmobile']//a[normalize-space()='Desktops']]
2024-06-24 17:06:345 INFO  DesktopPage :44 - Clicking on logout link[[ChromeDriver: chrome on windows (f2a0b8078410d8164a1b5b3b6daa2d5d)] -> xpath: //body/div[6]/div[3]/div[1]/div[3]/div[1]/div[2]/div[2]/div[2]/div[1]/div[1]/div[1]/div[1]/div[1]/a[1]/img[1]]
2024-06-24 17:06:453 INFO  BuildYourOwnComputerPage :54 - Select processor : [[ChromeDriver: chrome on windows (f2a0b8078410d8164a1b5b3b6daa2d5d)] -> css selector: #product_attribute_1]
2024-06-24 17:06:636 INFO  BuildYourOwnComputerPage :59 - select ram[[ChromeDriver: chrome on windows (f2a0b8078410d8164a1b5b3b6daa2d5d)] -> css selector: #product_attribute_2]
2024-06-24 17:06:722 INFO  BuildYourOwnComputerPage :73 - select hdd[[[ChromeDriver: chrome on windows (f2a0b8078410d8164a1b5b3b6daa2d5d)] -> name: product_attribute_3], [[ChromeDriver: chrome on windows (f2a0b8078410d8164a1b5b3b6daa2d5d)] -> name: product_attribute_3]]
2024-06-24 17:06:801 INFO  BuildYourOwnComputerPage :87 - select os[[[ChromeDriver: chrome on windows (f2a0b8078410d8164a1b5b3b6daa2d5d)] -> name: product_attribute_4], [[ChromeDriver: chrome on windows (f2a0b8078410d8164a1b5b3b6daa2d5d)] -> name: product_attribute_4]]
2024-06-24 17:06:879 INFO  BuildYourOwnComputerPage :104 - select checkBox[[[ChromeDriver: chrome on windows (f2a0b8078410d8164a1b5b3b6daa2d5d)] -> name: product_attribute_5], [[ChromeDriver: chrome on windows (f2a0b8078410d8164a1b5b3b6daa2d5d)] -> name: product_attribute_5], [[ChromeDriver: chrome on windows (f2a0b8078410d8164a1b5b3b6daa2d5d)] -> name: product_attribute_5]]
2024-06-24 17:06:964 INFO  BuildYourOwnComputerPage :108 - Clicking on logout link[[ChromeDriver: chrome on windows (f2a0b8078410d8164a1b5b3b6daa2d5d)] -> css selector: #add-to-cart-button-1]
2024-06-24 17:06:456 INFO  BuildYourOwnComputerPage :114 - Get product successfully added text[[ChromeDriver: chrome on windows (f2a0b8078410d8164a1b5b3b6daa2d5d)] -> xpath: //p[@class='content']]
2024-06-24 17:06:601 INFO  HomePage :57 - Clicking on login link : [[ChromeDriver: chrome on windows (70312a1370c61aa43c0a38ae57676404)] -> link text: Log in]
2024-06-24 17:06:654 INFO  LoginPage :39 - Getting text from : [[ChromeDriver: chrome on windows (70312a1370c61aa43c0a38ae57676404)] -> xpath: //h1[contains(text(),'Welcome, Please Sign In!')]]
2024-06-24 17:06:174 INFO  HomePage :57 - Clicking on login link : [[ChromeDriver: chrome on windows (10046b19cb38b44ef332d12e29b6b0fa)] -> link text: Log in]
2024-06-24 17:06:403 INFO  LoginPage :45 - Enter email : [[ChromeDriver: chrome on windows (10046b19cb38b44ef332d12e29b6b0fa)] -> id: Email]
2024-06-24 17:06:553 INFO  LoginPage :50 - Enter password : [[ChromeDriver: chrome on windows (10046b19cb38b44ef332d12e29b6b0fa)] -> name: Password]
2024-06-24 17:06:946 INFO  LoginPage :55 - Click on login button : [[ChromeDriver: chrome on windows (10046b19cb38b44ef332d12e29b6b0fa)] -> xpath: //button[contains(text(),'Log in')]]
2024-06-24 17:06:986 INFO  LoginPage :59 - Getting error message : [[ChromeDriver: chrome on windows (10046b19cb38b44ef332d12e29b6b0fa)] -> xpath: //div[@class='message-error validation-summary-errors']]
2024-06-24 17:06:990 INFO  HomePage :57 - Clicking on login link : [[ChromeDriver: chrome on windows (34ef81a0e5cd3b45c5007a7c62b89f6a)] -> link text: Log in]
2024-06-24 17:06:205 INFO  LoginPage :45 - Enter email : [[ChromeDriver: chrome on windows (34ef81a0e5cd3b45c5007a7c62b89f6a)] -> id: Email]
2024-06-24 17:06:376 INFO  LoginPage :50 - Enter password : [[ChromeDriver: chrome on windows (34ef81a0e5cd3b45c5007a7c62b89f6a)] -> name: Password]
2024-06-24 17:06:43 INFO  LoginPage :55 - Click on login button : [[ChromeDriver: chrome on windows (34ef81a0e5cd3b45c5007a7c62b89f6a)] -> xpath: //button[contains(text(),'Log in')]]
2024-06-24 17:06:105 INFO  HomePage :45 - Get logout link[[ChromeDriver: chrome on windows (34ef81a0e5cd3b45c5007a7c62b89f6a)] -> link text: Log out]
2024-06-24 17:06:565 INFO  HomePage :57 - Clicking on login link : [[ChromeDriver: chrome on windows (572ddf4e2b56de6638daafa1a2516904)] -> link text: Log in]
2024-06-24 17:06:811 INFO  LoginPage :45 - Enter email : [[ChromeDriver: chrome on windows (572ddf4e2b56de6638daafa1a2516904)] -> id: Email]
2024-06-24 17:06:950 INFO  LoginPage :50 - Enter password : [[ChromeDriver: chrome on windows (572ddf4e2b56de6638daafa1a2516904)] -> name: Password]
2024-06-24 17:06:618 INFO  LoginPage :55 - Click on login button : [[ChromeDriver: chrome on windows (572ddf4e2b56de6638daafa1a2516904)] -> xpath: //button[contains(text(),'Log in')]]
2024-06-24 17:06:301 INFO  HomePage :76 - Clicking on logout link[[ChromeDriver: chrome on windows (572ddf4e2b56de6638daafa1a2516904)] -> link text: Log out]
2024-06-24 17:06:590 INFO  HomePage :62 - Clicking on register link : [[ChromeDriver: chrome on windows (b429f6227ff9dab0066aeabd971eb3ef)] -> xpath: //a[contains(text(),'Register')]]
2024-06-24 17:06:657 INFO  RegisterPage :182 - Get register text[[ChromeDriver: chrome on windows (b429f6227ff9dab0066aeabd971eb3ef)] -> xpath: //h1[contains(text(),'Register')]]
2024-06-24 17:06:153 INFO  HomePage :62 - Clicking on register link : [[ChromeDriver: chrome on windows (8e515b15f741f91b92d2c36a2036b01d)] -> xpath: //a[contains(text(),'Register')]]
2024-06-24 17:06:332 INFO  RegisterPage :148 - Clicking on register link[[ChromeDriver: chrome on windows (8e515b15f741f91b92d2c36a2036b01d)] -> xpath: //button[@id='register-button']]
2024-06-24 17:06:385 INFO  RegisterPage :154 - Get first name required text display[[ChromeDriver: chrome on windows (8e515b15f741f91b92d2c36a2036b01d)] -> id: FirstName-error]
2024-06-24 17:06:421 INFO  RegisterPage :161 - Get last name required text display[[ChromeDriver: chrome on windows (8e515b15f741f91b92d2c36a2036b01d)] -> id: LastName-error]
2024-06-24 17:06:456 INFO  RegisterPage :168 - Get Email required text display[[ChromeDriver: chrome on windows (8e515b15f741f91b92d2c36a2036b01d)] -> id: Email-error]
2024-06-24 17:06:486 INFO  RegisterPage :175 - Get password required text display[[ChromeDriver: chrome on windows (8e515b15f741f91b92d2c36a2036b01d)] -> id: ConfirmPassword-error]
2024-06-24 17:06:16 INFO  HomePage :62 - Clicking on register link : [[ChromeDriver: chrome on windows (92b0fd62982a19eb7aa56d9df1714709)] -> xpath: //a[contains(text(),'Register')]]
2024-06-24 17:06:185 INFO  RegisterPage :141 - Clicking on female radio button[[ChromeDriver: chrome on windows (92b0fd62982a19eb7aa56d9df1714709)] -> id: gender-female]
2024-06-24 17:06:341 INFO  RegisterPage :128 - Enter First Name Priyanka
2024-06-24 17:06:473 INFO  RegisterPage :134 - Enter Last Name Korat
2024-06-24 17:06:567 INFO  RegisterPage :110 - Enter date 15
2024-06-24 17:06:655 INFO  RegisterPage :116 - Enter month July
2024-06-24 17:06:740 INFO  RegisterPage :122 - Enter year 1994
2024-06-24 17:06:959 INFO  RegisterPage :92 - Enter emailId sanganipriyanka64caGK@gmail.com
2024-06-24 17:06:90 INFO  RegisterPage :98 - Enter password Test@1234
2024-06-24 17:06:213 INFO  RegisterPage :104 - Enter confirm password Test@1234
2024-06-24 17:06:870 INFO  RegisterPage :148 - Clicking on register link[[ChromeDriver: chrome on windows (92b0fd62982a19eb7aa56d9df1714709)] -> xpath: //button[@id='register-button']]
2024-06-24 17:06:906 INFO  RegisterPage :85 - Registration complete text display[[ChromeDriver: chrome on windows (92b0fd62982a19eb7aa56d9df1714709)] -> xpath: //div[@class = 'result']]
